#
# A fatal error has been detected by the Java Runtime Environment:
#
#  EXCEPTION_ACCESS_VIOLATION (0xc0000005) at pc=0x00007ffa5b3d3466, pid=17160, tid=4084
#
# JRE version: OpenJDK Runtime Environment Temurin-17.0.4.1+1 (17.0.4.1+1) (build 17.0.4.1+1)
# Java VM: OpenJDK 64-Bit Server VM Temurin-17.0.4.1+1 (17.0.4.1+1, mixed mode, sharing, tiered, compressed oops, compressed class ptrs, g1 gc, windows-amd64)
# Problematic frame:
# C  [ntdll.dll+0x63466]
#
# No core dump will be written. Minidumps are not enabled by default on client versions of Windows
#
# If you would like to submit a bug report, please visit:
#   https://github.com/adoptium/adoptium-support/issues
# The crash happened outside the Java Virtual Machine in native code.
# See problematic frame for where to report the bug.
#

---------------  S U M M A R Y ------------

Command Line: -javaagent:C:\Program Files\JetBrains\IntelliJ IDEA 2022.2.1\lib\idea_rt.jar=57715:C:\Program Files\JetBrains\IntelliJ IDEA 2022.2.1\bin -Dfile.encoding=UTF-8 PixelParticles.Main

Host: Intel(R) Core(TM) i7-7700K CPU @ 4.20GHz, 8 cores, 31G,  Windows 10 , 64 bit Build 19041 (10.0.19041.1889)
Time: Sun Oct  2 21:10:31 2022 Mitteleuropäische Sommerzeit elapsed time: 10.684207 seconds (0d 0h 0m 10s)

---------------  T H R E A D  ---------------

Current thread (0x00000271a3528ed0):  JavaThread "Animation Thread" [_thread_in_native, id=4084, stack(0x000000aa19f00000,0x000000aa1a000000)]

Stack: [0x000000aa19f00000,0x000000aa1a000000],  sp=0x000000aa19ffec80,  free space=1019k
Native frames: (J=compiled Java code, j=interpreted, Vv=VM code, C=native code)
C  [ntdll.dll+0x63466]
C  [ntdll.dll+0x2fcb4]
C  [ntdll.dll+0x2fae2]
C  0x00007ffa517dfe5c

Java frames: (J=compiled Java code, j=interpreted, Vv=VM code)
j  sun.java2d.d3d.D3DSurfaceData.initOps(III)V+0 java.desktop@17.0.4.1
j  sun.java2d.d3d.D3DSurfaceData.<init>(Lsun/awt/windows/WComponentPeer;Lsun/java2d/d3d/D3DGraphicsConfig;IILjava/awt/Image;Ljava/awt/image/ColorModel;IILsun/java2d/pipe/hw/ExtendedBufferCapabilities$VSyncType;I)V+212 java.desktop@17.0.4.1
j  sun.java2d.d3d.D3DSurfaceData.createData(Lsun/awt/windows/WComponentPeer;Ljava/awt/Image;)Lsun/java2d/d3d/D3DSurfaceData;+117 java.desktop@17.0.4.1
j  sun.java2d.d3d.D3DVolatileSurfaceManager.initAcceleratedSurface()Lsun/java2d/SurfaceData;+68 java.desktop@17.0.4.1
j  sun.java2d.d3d.D3DVolatileSurfaceManager.restoreAcceleratedSurface()V+49 java.desktop@17.0.4.1
J 1497 c1 sun.awt.image.VolatileSurfaceManager.validate(Ljava/awt/GraphicsConfiguration;)I java.desktop@17.0.4.1 (213 bytes) @ 0x00000271807d5d84 [0x00000271807d5800+0x0000000000000584]
J 1604 c1 java.awt.Component$FlipBufferStrategy.revalidate()V java.desktop@17.0.4.1 (145 bytes) @ 0x000002718081f654 [0x000002718081f140+0x0000000000000514]
J 1507 c1 processing.awt.PSurfaceAWT.render()V (104 bytes) @ 0x00000271807db114 [0x00000271807daa20+0x00000000000006f4]
J 1524 c1 processing.awt.PSurfaceAWT$9.callDraw()V (18 bytes) @ 0x00000271807e8824 [0x00000271807e86c0+0x0000000000000164]
j  processing.core.PSurfaceNone$AnimationThread.run()V+57
v  ~StubRoutines::call_stub

siginfo: EXCEPTION_ACCESS_VIOLATION (0xc0000005), writing address 0x0000000000000024


Register to memory mapping:

RIP=0x00007ffa5b3d3466 ntdll.dll
RAX=0x0 is NULL
RBX=0x00000271a24b50c8 points into unknown readable memory: 0x0000000000000000 | 00 00 00 00 00 00 00 00
RCX=0x00000271a24b50c8 points into unknown readable memory: 0x0000000000000000 | 00 00 00 00 00 00 00 00
RDX=0x00000000fffffffa is an unknown value
RSP=0x000000aa19ffec80 is pointing into the stack for thread: 0x00000271a3528ed0
RBP=0x0000000000010000 is an unknown value
RSI=0x0 is NULL
RDI=0x0 is NULL
R8 =0x0 is NULL
R9 =0x00000271a24b5000 points into unknown readable memory: 0xffffffffffffffff | ff ff ff ff ff ff ff ff
R10=0x00000271a338d970 points into unknown readable memory: 0x0000002000000003 | 03 00 00 00 20 00 00 00
R11=0x00000271ab71a190 points into unknown readable memory: 0x00007ffa22ba3720 | 20 37 ba 22 fa 7f 00 00
R12=0x0 is NULL
R13=0x000000aa17e42000 points into unknown readable memory: 0x0000000000000000 | 00 00 00 00 00 00 00 00
R14=0x0000000000000001 is an unknown value
R15=0x0 is NULL


Registers:
RAX=0x0000000000000000, RBX=0x00000271a24b50c8, RCX=0x00000271a24b50c8, RDX=0x00000000fffffffa
RSP=0x000000aa19ffec80, RBP=0x0000000000010000, RSI=0x0000000000000000, RDI=0x0000000000000000
R8 =0x0000000000000000, R9 =0x00000271a24b5000, R10=0x00000271a338d970, R11=0x00000271ab71a190
R12=0x0000000000000000, R13=0x000000aa17e42000, R14=0x0000000000000001, R15=0x0000000000000000
RIP=0x00007ffa5b3d3466, EFLAGS=0x0000000000010213

Top of Stack: (sp=0x000000aa19ffec80)
0x000000aa19ffec80:   ffffffffffffffff 00000271a24b50c8
0x000000aa19ffec90:   000000aa00000000 00007ffa22befbd0
0x000000aa19ffeca0:   000000aa19010000 00000271ab71a190
0x000000aa19ffecb0:   00000271f35202b8 0000000300000135
0x000000aa19ffecc0:   00000271a2a35000 00000000fffffffa
0x000000aa19ffecd0:   000000aa17e42000 000000aa19ffec88
0x000000aa19ffece0:   000000aa19ffecc9 0000000800000005
0x000000aa19ffecf0:   00000271a2a35000 0000000000000000
0x000000aa19ffed00:   0000ac4e1e7c388a 000000aa0000000e
0x000000aa19ffed10:   00005ba728c374d6 0000000000000000
0x000000aa19ffed20:   00000271a3528e00 0000000000000001
0x000000aa19ffed30:   0000000000000001 0000000000000001
0x000000aa19ffed40:   0000000000000000 00000271a24b50c8
0x000000aa19ffed50:   0000000000010000 00007ffa5b39fcb4
0x000000aa19ffed60:   00000271a238fe28 00007ff9ea157ad3
0x000000aa19ffed70:   00000000fffffffa 0000000000000000 

Instructions: (pc=0x00007ffa5b3d3466)
0x00007ffa5b3d3366:   20 e9 ed fe ff ff 48 89 41 18 e9 e4 fe ff ff cc
0x00007ffa5b3d3376:   cc cc cc cc cc cc cc cc cc cc 80 3d 81 91 10 00
0x00007ffa5b3d3386:   00 0f 95 c0 c3 cc cc cc cc cc cc cc cc cc cc cc
0x00007ffa5b3d3396:   cc cc cc cc cc cc cc cc cc cc 48 83 ec 38 8b 05
0x00007ffa5b3d33a6:   82 77 10 00 89 44 24 20 e8 41 02 00 00 48 83 c4
0x00007ffa5b3d33b6:   38 c3 cc cc cc cc cc cc cc cc 48 89 5c 24 18 55
0x00007ffa5b3d33c6:   56 57 41 54 41 55 41 56 41 57 48 81 ec a0 00 00
0x00007ffa5b3d33d6:   00 48 8b 05 32 11 12 00 48 33 c4 48 89 84 24 90
0x00007ffa5b3d33e6:   00 00 00 65 4c 8b 2c 25 30 00 00 00 48 8d 05 cf
0x00007ffa5b3d33f6:   31 10 00 40 32 ed 89 54 24 48 33 f6 40 88 6c 24
0x00007ffa5b3d3406:   40 4c 89 6c 24 50 48 8b d9 44 8b e6 48 3b c8 0f
0x00007ffa5b3d3416:   84 39 01 00 00 40 38 35 e6 90 10 00 0f 85 a8 01
0x00007ffa5b3d3426:   00 00 39 35 fa 90 10 00 0f 85 6a 01 00 00 40 38
0x00007ffa5b3d3436:   35 bd 8b 10 00 48 8d 3d be 8b 10 00 48 0f 45 fe
0x00007ffa5b3d3446:   48 39 73 18 0f 84 d2 00 00 00 48 8b 03 48 83 f8
0x00007ffa5b3d3456:   ff 0f 84 d2 00 00 00 44 8b fe 48 83 f8 ff 74 03
0x00007ffa5b3d3466:   ff 40 24 4c 8b 73 18 4c 8d 2d 54 31 10 00 bd 22
0x00007ffa5b3d3476:   17 00 00 e8 d2 13 fc ff 85 c0 0f 85 ee b4 05 00
0x00007ffa5b3d3486:   b9 82 03 fe 7f 80 39 00 0f 85 fc b4 05 00 49 83
0x00007ffa5b3d3496:   fe ff 0f 85 8a b5 05 00 4c 8b cf c7 44 24 20 00
0x00007ffa5b3d34a6:   00 00 00 41 b8 04 00 00 00 48 8d 54 24 48 48 8d
0x00007ffa5b3d34b6:   4b 08 e8 37 01 00 00 3d 02 01 00 00 0f 84 73 b5
0x00007ffa5b3d34c6:   05 00 8b 4b 08 89 4c 24 48 f6 c1 02 75 ca 3d 02
0x00007ffa5b3d34d6:   01 00 00 0f 84 5c b5 05 00 0f b6 6c 24 40 4c 8b
0x00007ffa5b3d34e6:   6c 24 50 85 c0 0f 88 a8 b6 05 00 40 84 ed 75 73
0x00007ffa5b3d34f6:   48 8b 8c 24 90 00 00 00 48 33 cc e8 7a 8d 02 00
0x00007ffa5b3d3506:   48 8b 9c 24 f0 00 00 00 48 81 c4 a0 00 00 00 41
0x00007ffa5b3d3516:   5f 41 5e 41 5d 41 5c 5f 5e 5d c3 cc 48 8b cb e8
0x00007ffa5b3d3526:   56 05 00 00 e9 21 ff ff ff 8b 4b 20 48 c7 c0 ff
0x00007ffa5b3d3536:   ff ff ff 48 0f ba e1 18 0f 82 19 ff ff ff 48 8b
0x00007ffa5b3d3546:   cb e8 f4 e2 fa ff 48 8b 03 e9 09 ff ff ff c6 44
0x00007ffa5b3d3556:   24 40 01 41 c7 85 60 17 00 00 01 00 00 00 e9 b2 


Stack slot to memory mapping:
stack at sp + 0 slots: 0xffffffffffffffff is an unknown value
stack at sp + 1 slots: 0x00000271a24b50c8 points into unknown readable memory: 0x0000000000000000 | 00 00 00 00 00 00 00 00
stack at sp + 2 slots: 0x000000aa00000000 is an unknown value
stack at sp + 3 slots: 0x00007ffa22befbd0 awt.dll
stack at sp + 4 slots: 0x000000aa19010000 is pointing into the stack for thread: 0x00000271a20ff530
stack at sp + 5 slots: 0x00000271ab71a190 points into unknown readable memory: 0x00007ffa22ba3720 | 20 37 ba 22 fa 7f 00 00
stack at sp + 6 slots: 0x00000271f35202b8 points into unknown readable memory: 0x0006000700050006 | 06 00 05 00 07 00 06 00
stack at sp + 7 slots: 0x0000000300000135 is an unknown value


---------------  P R O C E S S  ---------------

Threads class SMR info:
_java_thread_list=0x00000271abd44af0, length=18, elements={
0x00000271a20e65f0, 0x00000271a20e7460, 0x00000271a20f8970, 0x00000271a20f9320,
0x00000271a20f9cd0, 0x00000271a20fa680, 0x00000271a20ff530, 0x00000271a2107fe0,
0x00000271a210c600, 0x00000271ffd7cc30, 0x00000271a22ab9d0, 0x00000271a22abea0,
0x00000271a247ad50, 0x00000271a3000080, 0x00000271a34aab20, 0x00000271a3528ed0,
0x00000271a3529870, 0x00000271a352a210
}

Java Threads: ( => current thread )
  0x00000271a20e65f0 JavaThread "Reference Handler" daemon [_thread_blocked, id=20716, stack(0x000000aa18a00000,0x000000aa18b00000)]
  0x00000271a20e7460 JavaThread "Finalizer" daemon [_thread_blocked, id=17664, stack(0x000000aa18b00000,0x000000aa18c00000)]
  0x00000271a20f8970 JavaThread "Signal Dispatcher" daemon [_thread_blocked, id=22360, stack(0x000000aa18c00000,0x000000aa18d00000)]
  0x00000271a20f9320 JavaThread "Attach Listener" daemon [_thread_blocked, id=23384, stack(0x000000aa18d00000,0x000000aa18e00000)]
  0x00000271a20f9cd0 JavaThread "Service Thread" daemon [_thread_blocked, id=13836, stack(0x000000aa18e00000,0x000000aa18f00000)]
  0x00000271a20fa680 JavaThread "Monitor Deflation Thread" daemon [_thread_blocked, id=24528, stack(0x000000aa18f00000,0x000000aa19000000)]
  0x00000271a20ff530 JavaThread "C2 CompilerThread0" daemon [_thread_blocked, id=10192, stack(0x000000aa19000000,0x000000aa19100000)]
  0x00000271a2107fe0 JavaThread "C1 CompilerThread0" daemon [_thread_blocked, id=24484, stack(0x000000aa19100000,0x000000aa19200000)]
  0x00000271a210c600 JavaThread "Sweeper thread" daemon [_thread_blocked, id=17336, stack(0x000000aa19200000,0x000000aa19300000)]
  0x00000271ffd7cc30 JavaThread "Common-Cleaner" daemon [_thread_blocked, id=24896, stack(0x000000aa19300000,0x000000aa19400000)]
  0x00000271a22ab9d0 JavaThread "Monitor Ctrl-Break" daemon [_thread_in_native, id=20504, stack(0x000000aa19400000,0x000000aa19500000)]
  0x00000271a22abea0 JavaThread "Notification Thread" daemon [_thread_blocked, id=24592, stack(0x000000aa19500000,0x000000aa19600000)]
  0x00000271a247ad50 JavaThread "Java2D Disposer" daemon [_thread_blocked, id=2948, stack(0x000000aa19700000,0x000000aa19800000)]
  0x00000271a3000080 JavaThread "AWT-Shutdown" [_thread_blocked, id=23536, stack(0x000000aa19800000,0x000000aa19900000)]
  0x00000271a34aab20 JavaThread "AWT-EventQueue-0" [_thread_blocked, id=17324, stack(0x000000aa19c00000,0x000000aa19d00000)]
=>0x00000271a3528ed0 JavaThread "Animation Thread" [_thread_in_native, id=4084, stack(0x000000aa19f00000,0x000000aa1a000000)]
  0x00000271a3529870 JavaThread "DestroyJavaVM" [_thread_blocked, id=25580, stack(0x000000aa18300000,0x000000aa18400000)]
  0x00000271a352a210 JavaThread "SIGINT handler" daemon [_thread_blocked, id=13680, stack(0x000000aa19d00000,0x000000aa19e00000)]

Other Threads:
  0x00000271a20db9c0 VMThread "VM Thread" [stack: 0x000000aa18900000,0x000000aa18a00000] [id=11384]
  0x00000271f58e6160 WatcherThread [stack: 0x000000aa19600000,0x000000aa19700000] [id=8652]
  0x00000271f58c3a10 GCTaskThread "GC Thread#0" [stack: 0x000000aa18400000,0x000000aa18500000] [id=2220]
  0x00000271a36a9a20 GCTaskThread "GC Thread#1" [stack: 0x000000aa1a240000,0x000000aa1a340000] [id=25340]
  0x00000271a364e4e0 GCTaskThread "GC Thread#2" [stack: 0x000000aa1a340000,0x000000aa1a440000] [id=23912]
  0x00000271a364f250 GCTaskThread "GC Thread#3" [stack: 0x000000aa1a440000,0x000000aa1a540000] [id=12664]
  0x00000271a364dcd0 GCTaskThread "GC Thread#4" [stack: 0x000000aa1a540000,0x000000aa1a640000] [id=24892]
  0x00000271a364ea40 GCTaskThread "GC Thread#5" [stack: 0x000000aa1a640000,0x000000aa1a740000] [id=25472]
  0x00000271a364e790 GCTaskThread "GC Thread#6" [stack: 0x000000aa1a740000,0x000000aa1a840000] [id=24624]
  0x00000271a364ecf0 GCTaskThread "GC Thread#7" [stack: 0x000000aa1a840000,0x000000aa1a940000] [id=12848]
  0x00000271f58d4910 ConcurrentGCThread "G1 Main Marker" [stack: 0x000000aa18500000,0x000000aa18600000] [id=14992]
  0x00000271f58d5b90 ConcurrentGCThread "G1 Conc#0" [stack: 0x000000aa18600000,0x000000aa18700000] [id=5052]
  0x00000271ffc3cbe0 ConcurrentGCThread "G1 Refine#0" [stack: 0x000000aa18700000,0x000000aa18800000] [id=23316]
  0x00000271a34f70a0 ConcurrentGCThread "G1 Refine#1" [stack: 0x000000aa1a940000,0x000000aa1aa40000] [id=23560]
  0x00000271ab67c4b0 ConcurrentGCThread "G1 Refine#2" [stack: 0x000000aa1aa40000,0x000000aa1ab40000] [id=23120]
  0x00000271a3665ea0 ConcurrentGCThread "G1 Refine#3" [stack: 0x000000aa1ab40000,0x000000aa1ac40000] [id=17164]
  0x00000271a37cfbd0 ConcurrentGCThread "G1 Refine#4" [stack: 0x000000aa1ac40000,0x000000aa1ad40000] [id=25056]
  0x00000271a37104b0 ConcurrentGCThread "G1 Refine#5" [stack: 0x000000aa1ad40000,0x000000aa1ae40000] [id=9448]
  0x00000271a3559860 ConcurrentGCThread "G1 Refine#6" [stack: 0x000000aa1ae40000,0x000000aa1af40000] [id=15368]
  0x00000271ffc3d600 ConcurrentGCThread "G1 Service" [stack: 0x000000aa18800000,0x000000aa18900000] [id=25224]

Threads with active compile tasks:

VM state: not at safepoint (normal execution)

VM Mutex/Monitor currently owned by a thread: None

Heap address: 0x0000000600800000, size: 8184 MB, Compressed Oops mode: Zero based, Oop shift amount: 3

CDS archive(s) mapped at: [0x0000000800000000-0x0000000800bc0000-0x0000000800bc0000), size 12320768, SharedBaseAddress: 0x0000000800000000, ArchiveRelocationMode: 0.
Compressed class space mapped at: 0x0000000800c00000-0x0000000840c00000, reserved size: 1073741824
Narrow klass base: 0x0000000800000000, Narrow klass shift: 0, Narrow klass range: 0x100000000

GC Precious Log:
 CPUs: 8 total, 8 available
 Memory: 32735M
 Large Page Support: Disabled
 NUMA Support: Disabled
 Compressed Oops: Enabled (Zero based)
 Heap Region Size: 4M
 Heap Min Capacity: 8M
 Heap Initial Capacity: 512M
 Heap Max Capacity: 8184M
 Pre-touch: Disabled
 Parallel Workers: 8
 Concurrent Workers: 2
 Concurrent Refinement Workers: 8
 Periodic GC: Disabled

Heap:
 garbage-first heap   total 1572864K, used 620740K [0x0000000600800000, 0x0000000800000000)
  region size 4096K, 90 young (368640K), 1 survivors (4096K)
 Metaspace       used 9497K, committed 9664K, reserved 1064960K
  class space    used 946K, committed 1024K, reserved 1048576K

Heap Regions: E=young(eden), S=young(survivor), O=old, HS=humongous(starts), HC=humongous(continues), CS=collection set, F=free, OA=open archive, CA=closed archive, TAMS=top-at-mark-start (previous, next)
|   0|0x0000000600800000, 0x0000000600c00000, 0x0000000600c00000|100%|HS|  |TAMS 0x0000000600800000, 0x0000000600800000| Complete 
|   1|0x0000000600c00000, 0x0000000601000000, 0x0000000601000000|100%|HC|  |TAMS 0x0000000600c00000, 0x0000000600c00000| Complete 
|   2|0x0000000601000000, 0x0000000601400000, 0x0000000601400000|100%|HS|  |TAMS 0x0000000601000000, 0x0000000601000000| Complete 
|   3|0x0000000601400000, 0x0000000601800000, 0x0000000601800000|100%|HC|  |TAMS 0x0000000601400000, 0x0000000601400000| Complete 
|   4|0x0000000601800000, 0x0000000601c00000, 0x0000000601c00000|100%|HS|  |TAMS 0x0000000601800000, 0x0000000601800000| Complete 
|   5|0x0000000601c00000, 0x0000000602000000, 0x0000000602000000|100%|HC|  |TAMS 0x0000000601c00000, 0x0000000601c00000| Complete 
|   6|0x0000000602000000, 0x0000000602400000, 0x0000000602400000|100%| O|  |TAMS 0x0000000602000000, 0x0000000602000000| Untracked 
|   7|0x0000000602400000, 0x0000000602800000, 0x0000000602800000|100%| O|  |TAMS 0x0000000602400000, 0x0000000602400000| Untracked 
|   8|0x0000000602800000, 0x0000000602c00000, 0x0000000602c00000|100%| O|  |TAMS 0x0000000602800000, 0x0000000602800000| Untracked 
|   9|0x0000000602c00000, 0x0000000603000000, 0x0000000603000000|100%| O|  |TAMS 0x0000000602c00000, 0x0000000602c00000| Untracked 
|  10|0x0000000603000000, 0x0000000603400000, 0x0000000603400000|100%| O|  |TAMS 0x0000000603000000, 0x0000000603000000| Untracked 
|  11|0x0000000603400000, 0x0000000603800000, 0x0000000603800000|100%|HS|  |TAMS 0x0000000603400000, 0x0000000603400000| Complete 
|  12|0x0000000603800000, 0x0000000603c00000, 0x0000000603c00000|100%|HS|  |TAMS 0x0000000603800000, 0x0000000603800000| Complete 
|  13|0x0000000603c00000, 0x0000000604000000, 0x0000000604000000|100%| O|  |TAMS 0x0000000603c00000, 0x0000000603c00000| Untracked 
|  14|0x0000000604000000, 0x0000000604400000, 0x0000000604400000|100%| O|  |TAMS 0x0000000604000000, 0x0000000604000000| Untracked 
|  15|0x0000000604400000, 0x0000000604800000, 0x0000000604800000|100%| O|  |TAMS 0x0000000604400000, 0x0000000604400000| Untracked 
|  16|0x0000000604800000, 0x0000000604c00000, 0x0000000604c00000|100%| O|  |TAMS 0x0000000604800000, 0x0000000604800000| Untracked 
|  17|0x0000000604c00000, 0x0000000605000000, 0x0000000605000000|100%| O|  |TAMS 0x0000000604c00000, 0x0000000604c00000| Untracked 
|  18|0x0000000605000000, 0x0000000605400000, 0x0000000605400000|100%| O|  |TAMS 0x0000000605000000, 0x0000000605000000| Untracked 
|  19|0x0000000605400000, 0x0000000605800000, 0x0000000605800000|100%|HS|  |TAMS 0x0000000605400000, 0x0000000605400000| Complete 
|  20|0x0000000605800000, 0x0000000605c00000, 0x0000000605c00000|100%|HC|  |TAMS 0x0000000605800000, 0x0000000605800000| Complete 
|  21|0x0000000605c00000, 0x0000000606000000, 0x0000000606000000|100%| O|  |TAMS 0x0000000605c00000, 0x0000000605c00000| Untracked 
|  22|0x0000000606000000, 0x0000000606400000, 0x0000000606400000|100%| O|  |TAMS 0x0000000606000000, 0x0000000606000000| Untracked 
|  23|0x0000000606400000, 0x0000000606800000, 0x0000000606800000|100%| O|  |TAMS 0x0000000606400000, 0x0000000606400000| Untracked 
|  24|0x0000000606800000, 0x0000000606c00000, 0x0000000606c00000|100%| O|  |TAMS 0x0000000606800000, 0x0000000606800000| Untracked 
|  25|0x0000000606c00000, 0x0000000607000000, 0x0000000607000000|100%| O|  |TAMS 0x0000000606c00000, 0x0000000606c00000| Untracked 
|  26|0x0000000607000000, 0x0000000607400000, 0x0000000607400000|100%| O|  |TAMS 0x0000000607000000, 0x0000000607000000| Untracked 
|  27|0x0000000607400000, 0x0000000607800000, 0x0000000607800000|100%| O|  |TAMS 0x0000000607400000, 0x0000000607400000| Untracked 
|  28|0x0000000607800000, 0x0000000607c00000, 0x0000000607c00000|100%|HS|  |TAMS 0x0000000607800000, 0x0000000607800000| Complete 
|  29|0x0000000607c00000, 0x0000000608000000, 0x0000000608000000|100%|HS|  |TAMS 0x0000000607c00000, 0x0000000607c00000| Complete 
|  30|0x0000000608000000, 0x0000000608400000, 0x0000000608400000|100%|HS|  |TAMS 0x0000000608000000, 0x0000000608000000| Complete 
|  31|0x0000000608400000, 0x0000000608800000, 0x0000000608800000|100%|HC|  |TAMS 0x0000000608400000, 0x0000000608400000| Complete 
|  32|0x0000000608800000, 0x0000000608c00000, 0x0000000608c00000|100%| O|  |TAMS 0x0000000608800000, 0x0000000608800000| Untracked 
|  33|0x0000000608c00000, 0x0000000609000000, 0x0000000609000000|100%| O|  |TAMS 0x0000000608c00000, 0x0000000608c00000| Untracked 
|  34|0x0000000609000000, 0x0000000609400000, 0x0000000609400000|100%| O|  |TAMS 0x0000000609000000, 0x0000000609000000| Untracked 
|  35|0x0000000609400000, 0x0000000609800000, 0x0000000609800000|100%| O|  |TAMS 0x0000000609400000, 0x0000000609400000| Untracked 
|  36|0x0000000609800000, 0x0000000609c00000, 0x0000000609c00000|100%| O|  |TAMS 0x0000000609800000, 0x0000000609800000| Untracked 
|  37|0x0000000609c00000, 0x000000060a000000, 0x000000060a000000|100%| O|  |TAMS 0x0000000609c00000, 0x0000000609c00000| Untracked 
|  38|0x000000060a000000, 0x000000060a400000, 0x000000060a400000|100%| O|  |TAMS 0x000000060a000000, 0x000000060a000000| Untracked 
|  39|0x000000060a400000, 0x000000060a800000, 0x000000060a800000|100%| O|  |TAMS 0x000000060a400000, 0x000000060a400000| Untracked 
|  40|0x000000060a800000, 0x000000060ac00000, 0x000000060ac00000|100%| O|  |TAMS 0x000000060a800000, 0x000000060a800000| Untracked 
|  41|0x000000060ac00000, 0x000000060b000000, 0x000000060b000000|100%| O|  |TAMS 0x000000060ac00000, 0x000000060ac00000| Untracked 
|  42|0x000000060b000000, 0x000000060b400000, 0x000000060b400000|100%| O|  |TAMS 0x000000060b000000, 0x000000060b000000| Untracked 
|  43|0x000000060b400000, 0x000000060b800000, 0x000000060b800000|100%| O|  |TAMS 0x000000060b400000, 0x000000060b400000| Untracked 
|  44|0x000000060b800000, 0x000000060bc00000, 0x000000060bc00000|100%| O|  |TAMS 0x000000060b800000, 0x000000060b800000| Untracked 
|  45|0x000000060bc00000, 0x000000060c000000, 0x000000060c000000|100%| O|  |TAMS 0x000000060bc00000, 0x000000060bc00000| Untracked 
|  46|0x000000060c000000, 0x000000060c400000, 0x000000060c400000|100%| O|  |TAMS 0x000000060c000000, 0x000000060c000000| Untracked 
|  47|0x000000060c400000, 0x000000060c800000, 0x000000060c800000|100%|HS|  |TAMS 0x000000060c400000, 0x000000060c400000| Complete 
|  48|0x000000060c800000, 0x000000060cc00000, 0x000000060cc00000|100%|HC|  |TAMS 0x000000060c800000, 0x000000060c800000| Complete 
|  49|0x000000060cc00000, 0x000000060d000000, 0x000000060d000000|100%|HS|  |TAMS 0x000000060cc00000, 0x000000060cc00000| Complete 
|  50|0x000000060d000000, 0x000000060d400000, 0x000000060d400000|100%|HC|  |TAMS 0x000000060d000000, 0x000000060d000000| Complete 
|  51|0x000000060d400000, 0x000000060d800000, 0x000000060d800000|100%| O|  |TAMS 0x000000060d400000, 0x000000060d400000| Untracked 
|  52|0x000000060d800000, 0x000000060dc00000, 0x000000060dc00000|100%| O|  |TAMS 0x000000060d800000, 0x000000060d800000| Untracked 
|  53|0x000000060dc00000, 0x000000060e000000, 0x000000060e000000|100%| O|  |TAMS 0x000000060dc00000, 0x000000060dc00000| Untracked 
|  54|0x000000060e000000, 0x000000060e400000, 0x000000060e400000|100%| O|  |TAMS 0x000000060e000000, 0x000000060e000000| Untracked 
|  55|0x000000060e400000, 0x000000060e800000, 0x000000060e800000|100%| O|  |TAMS 0x000000060e400000, 0x000000060e400000| Untracked 
|  56|0x000000060e800000, 0x000000060ec00000, 0x000000060ec00000|100%| O|  |TAMS 0x000000060e800000, 0x000000060e800000| Untracked 
|  57|0x000000060ec00000, 0x000000060f000000, 0x000000060f000000|100%| O|  |TAMS 0x000000060ec00000, 0x000000060ec00000| Untracked 
|  58|0x000000060f000000, 0x000000060f400000, 0x000000060f400000|100%| O|  |TAMS 0x000000060f000000, 0x000000060f000000| Untracked 
|  59|0x000000060f400000, 0x000000060f800000, 0x000000060f800000|100%| O|  |TAMS 0x000000060f400000, 0x000000060f400000| Untracked 
|  60|0x000000060f800000, 0x000000060fc00000, 0x000000060fc00000|100%| O|  |TAMS 0x000000060f800000, 0x000000060f800000| Untracked 
|  61|0x000000060fc00000, 0x0000000610000000, 0x0000000610000000|100%| O|  |TAMS 0x000000060fc00000, 0x000000060fc00000| Untracked 
|  62|0x0000000610000000, 0x00000006103fe400, 0x0000000610400000| 99%| O|  |TAMS 0x0000000610000000, 0x0000000610000000| Untracked 
|  63|0x0000000610400000, 0x0000000610400000, 0x0000000610800000|  0%| F|  |TAMS 0x0000000610400000, 0x0000000610400000| Untracked 
|  64|0x0000000610800000, 0x0000000610800000, 0x0000000610c00000|  0%| F|  |TAMS 0x0000000610800000, 0x0000000610800000| Untracked 
|  65|0x0000000610c00000, 0x0000000610c00000, 0x0000000611000000|  0%| F|  |TAMS 0x0000000610c00000, 0x0000000610c00000| Untracked 
|  66|0x0000000611000000, 0x0000000611000000, 0x0000000611400000|  0%| F|  |TAMS 0x0000000611000000, 0x0000000611000000| Untracked 
|  67|0x0000000611400000, 0x0000000611400000, 0x0000000611800000|  0%| F|  |TAMS 0x0000000611400000, 0x0000000611400000| Untracked 
|  68|0x0000000611800000, 0x0000000611800000, 0x0000000611c00000|  0%| F|  |TAMS 0x0000000611800000, 0x0000000611800000| Untracked 
|  69|0x0000000611c00000, 0x0000000611c00000, 0x0000000612000000|  0%| F|  |TAMS 0x0000000611c00000, 0x0000000611c00000| Untracked 
|  70|0x0000000612000000, 0x0000000612000000, 0x0000000612400000|  0%| F|  |TAMS 0x0000000612000000, 0x0000000612000000| Untracked 
|  71|0x0000000612400000, 0x0000000612400000, 0x0000000612800000|  0%| F|  |TAMS 0x0000000612400000, 0x0000000612400000| Untracked 
|  72|0x0000000612800000, 0x0000000612800000, 0x0000000612c00000|  0%| F|  |TAMS 0x0000000612800000, 0x0000000612800000| Untracked 
|  73|0x0000000612c00000, 0x0000000612c00000, 0x0000000613000000|  0%| F|  |TAMS 0x0000000612c00000, 0x0000000612c00000| Untracked 
|  74|0x0000000613000000, 0x0000000613000000, 0x0000000613400000|  0%| F|  |TAMS 0x0000000613000000, 0x0000000613000000| Untracked 
|  75|0x0000000613400000, 0x0000000613400000, 0x0000000613800000|  0%| F|  |TAMS 0x0000000613400000, 0x0000000613400000| Untracked 
|  76|0x0000000613800000, 0x0000000613800000, 0x0000000613c00000|  0%| F|  |TAMS 0x0000000613800000, 0x0000000613800000| Untracked 
|  77|0x0000000613c00000, 0x0000000613c00000, 0x0000000614000000|  0%| F|  |TAMS 0x0000000613c00000, 0x0000000613c00000| Untracked 
|  78|0x0000000614000000, 0x0000000614000000, 0x0000000614400000|  0%| F|  |TAMS 0x0000000614000000, 0x0000000614000000| Untracked 
|  79|0x0000000614400000, 0x0000000614400000, 0x0000000614800000|  0%| F|  |TAMS 0x0000000614400000, 0x0000000614400000| Untracked 
|  80|0x0000000614800000, 0x0000000614800000, 0x0000000614c00000|  0%| F|  |TAMS 0x0000000614800000, 0x0000000614800000| Untracked 
|  81|0x0000000614c00000, 0x0000000614c00000, 0x0000000615000000|  0%| F|  |TAMS 0x0000000614c00000, 0x0000000614c00000| Untracked 
|  82|0x0000000615000000, 0x0000000615000000, 0x0000000615400000|  0%| F|  |TAMS 0x0000000615000000, 0x0000000615000000| Untracked 
|  83|0x0000000615400000, 0x0000000615400000, 0x0000000615800000|  0%| F|  |TAMS 0x0000000615400000, 0x0000000615400000| Untracked 
|  84|0x0000000615800000, 0x0000000615800000, 0x0000000615c00000|  0%| F|  |TAMS 0x0000000615800000, 0x0000000615800000| Untracked 
|  85|0x0000000615c00000, 0x0000000615c00000, 0x0000000616000000|  0%| F|  |TAMS 0x0000000615c00000, 0x0000000615c00000| Untracked 
|  86|0x0000000616000000, 0x0000000616000000, 0x0000000616400000|  0%| F|  |TAMS 0x0000000616000000, 0x0000000616000000| Untracked 
|  87|0x0000000616400000, 0x0000000616400000, 0x0000000616800000|  0%| F|  |TAMS 0x0000000616400000, 0x0000000616400000| Untracked 
|  88|0x0000000616800000, 0x0000000616800000, 0x0000000616c00000|  0%| F|  |TAMS 0x0000000616800000, 0x0000000616800000| Untracked 
|  89|0x0000000616c00000, 0x0000000616c00000, 0x0000000617000000|  0%| F|  |TAMS 0x0000000616c00000, 0x0000000616c00000| Untracked 
|  90|0x0000000617000000, 0x0000000617000000, 0x0000000617400000|  0%| F|  |TAMS 0x0000000617000000, 0x0000000617000000| Untracked 
|  91|0x0000000617400000, 0x0000000617400000, 0x0000000617800000|  0%| F|  |TAMS 0x0000000617400000, 0x0000000617400000| Untracked 
|  92|0x0000000617800000, 0x0000000617800000, 0x0000000617c00000|  0%| F|  |TAMS 0x0000000617800000, 0x0000000617800000| Untracked 
|  93|0x0000000617c00000, 0x0000000617c00000, 0x0000000618000000|  0%| F|  |TAMS 0x0000000617c00000, 0x0000000617c00000| Untracked 
|  94|0x0000000618000000, 0x0000000618000000, 0x0000000618400000|  0%| F|  |TAMS 0x0000000618000000, 0x0000000618000000| Untracked 
|  95|0x0000000618400000, 0x0000000618400000, 0x0000000618800000|  0%| F|  |TAMS 0x0000000618400000, 0x0000000618400000| Untracked 
|  96|0x0000000618800000, 0x0000000618800000, 0x0000000618c00000|  0%| F|  |TAMS 0x0000000618800000, 0x0000000618800000| Untracked 
|  97|0x0000000618c00000, 0x0000000618c00000, 0x0000000619000000|  0%| F|  |TAMS 0x0000000618c00000, 0x0000000618c00000| Untracked 
|  98|0x0000000619000000, 0x0000000619000000, 0x0000000619400000|  0%| F|  |TAMS 0x0000000619000000, 0x0000000619000000| Untracked 
|  99|0x0000000619400000, 0x0000000619400000, 0x0000000619800000|  0%| F|  |TAMS 0x0000000619400000, 0x0000000619400000| Untracked 
| 100|0x0000000619800000, 0x0000000619800000, 0x0000000619c00000|  0%| F|  |TAMS 0x0000000619800000, 0x0000000619800000| Untracked 
| 101|0x0000000619c00000, 0x0000000619c00000, 0x000000061a000000|  0%| F|  |TAMS 0x0000000619c00000, 0x0000000619c00000| Untracked 
| 102|0x000000061a000000, 0x000000061a000000, 0x000000061a400000|  0%| F|  |TAMS 0x000000061a000000, 0x000000061a000000| Untracked 
| 103|0x000000061a400000, 0x000000061a400000, 0x000000061a800000|  0%| F|  |TAMS 0x000000061a400000, 0x000000061a400000| Untracked 
| 104|0x000000061a800000, 0x000000061a800000, 0x000000061ac00000|  0%| F|  |TAMS 0x000000061a800000, 0x000000061a800000| Untracked 
| 105|0x000000061ac00000, 0x000000061ac00000, 0x000000061b000000|  0%| F|  |TAMS 0x000000061ac00000, 0x000000061ac00000| Untracked 
| 106|0x000000061b000000, 0x000000061b000000, 0x000000061b400000|  0%| F|  |TAMS 0x000000061b000000, 0x000000061b000000| Untracked 
| 107|0x000000061b400000, 0x000000061b400000, 0x000000061b800000|  0%| F|  |TAMS 0x000000061b400000, 0x000000061b400000| Untracked 
| 108|0x000000061b800000, 0x000000061b800000, 0x000000061bc00000|  0%| F|  |TAMS 0x000000061b800000, 0x000000061b800000| Untracked 
| 109|0x000000061bc00000, 0x000000061bc00000, 0x000000061c000000|  0%| F|  |TAMS 0x000000061bc00000, 0x000000061bc00000| Untracked 
| 110|0x000000061c000000, 0x000000061c000000, 0x000000061c400000|  0%| F|  |TAMS 0x000000061c000000, 0x000000061c000000| Untracked 
| 111|0x000000061c400000, 0x000000061c400000, 0x000000061c800000|  0%| F|  |TAMS 0x000000061c400000, 0x000000061c400000| Untracked 
| 112|0x000000061c800000, 0x000000061c800000, 0x000000061cc00000|  0%| F|  |TAMS 0x000000061c800000, 0x000000061c800000| Untracked 
| 113|0x000000061cc00000, 0x000000061cc00000, 0x000000061d000000|  0%| F|  |TAMS 0x000000061cc00000, 0x000000061cc00000| Untracked 
| 114|0x000000061d000000, 0x000000061d000000, 0x000000061d400000|  0%| F|  |TAMS 0x000000061d000000, 0x000000061d000000| Untracked 
| 115|0x000000061d400000, 0x000000061d400000, 0x000000061d800000|  0%| F|  |TAMS 0x000000061d400000, 0x000000061d400000| Untracked 
| 116|0x000000061d800000, 0x000000061d800000, 0x000000061dc00000|  0%| F|  |TAMS 0x000000061d800000, 0x000000061d800000| Untracked 
| 117|0x000000061dc00000, 0x000000061dc00000, 0x000000061e000000|  0%| F|  |TAMS 0x000000061dc00000, 0x000000061dc00000| Untracked 
| 118|0x000000061e000000, 0x000000061e000000, 0x000000061e400000|  0%| F|  |TAMS 0x000000061e000000, 0x000000061e000000| Untracked 
| 119|0x000000061e400000, 0x000000061e400000, 0x000000061e800000|  0%| F|  |TAMS 0x000000061e400000, 0x000000061e400000| Untracked 
| 120|0x000000061e800000, 0x000000061e800000, 0x000000061ec00000|  0%| F|  |TAMS 0x000000061e800000, 0x000000061e800000| Untracked 
| 121|0x000000061ec00000, 0x000000061ec00000, 0x000000061f000000|  0%| F|  |TAMS 0x000000061ec00000, 0x000000061ec00000| Untracked 
| 122|0x000000061f000000, 0x000000061f000000, 0x000000061f400000|  0%| F|  |TAMS 0x000000061f000000, 0x000000061f000000| Untracked 
| 123|0x000000061f400000, 0x000000061f400000, 0x000000061f800000|  0%| F|  |TAMS 0x000000061f400000, 0x000000061f400000| Untracked 
| 124|0x000000061f800000, 0x000000061f800000, 0x000000061fc00000|  0%| F|  |TAMS 0x000000061f800000, 0x000000061f800000| Untracked 
| 125|0x000000061fc00000, 0x000000061fc00000, 0x0000000620000000|  0%| F|  |TAMS 0x000000061fc00000, 0x000000061fc00000| Untracked 
| 126|0x0000000620000000, 0x0000000620000000, 0x0000000620400000|  0%| F|  |TAMS 0x0000000620000000, 0x0000000620000000| Untracked 
| 127|0x0000000620400000, 0x0000000620400000, 0x0000000620800000|  0%| F|  |TAMS 0x0000000620400000, 0x0000000620400000| Untracked 
| 128|0x0000000620800000, 0x0000000620800000, 0x0000000620c00000|  0%| F|  |TAMS 0x0000000620800000, 0x0000000620800000| Untracked 
| 129|0x0000000620c00000, 0x0000000620c00000, 0x0000000621000000|  0%| F|  |TAMS 0x0000000620c00000, 0x0000000620c00000| Untracked 
| 130|0x0000000621000000, 0x0000000621000000, 0x0000000621400000|  0%| F|  |TAMS 0x0000000621000000, 0x0000000621000000| Untracked 
| 131|0x0000000621400000, 0x0000000621400000, 0x0000000621800000|  0%| F|  |TAMS 0x0000000621400000, 0x0000000621400000| Untracked 
| 132|0x0000000621800000, 0x0000000621800000, 0x0000000621c00000|  0%| F|  |TAMS 0x0000000621800000, 0x0000000621800000| Untracked 
| 133|0x0000000621c00000, 0x0000000621c00000, 0x0000000622000000|  0%| F|  |TAMS 0x0000000621c00000, 0x0000000621c00000| Untracked 
| 134|0x0000000622000000, 0x0000000622000000, 0x0000000622400000|  0%| F|  |TAMS 0x0000000622000000, 0x0000000622000000| Untracked 
| 135|0x0000000622400000, 0x0000000622400000, 0x0000000622800000|  0%| F|  |TAMS 0x0000000622400000, 0x0000000622400000| Untracked 
| 136|0x0000000622800000, 0x0000000622800000, 0x0000000622c00000|  0%| F|  |TAMS 0x0000000622800000, 0x0000000622800000| Untracked 
| 137|0x0000000622c00000, 0x0000000622c00000, 0x0000000623000000|  0%| F|  |TAMS 0x0000000622c00000, 0x0000000622c00000| Untracked 
| 138|0x0000000623000000, 0x0000000623000000, 0x0000000623400000|  0%| F|  |TAMS 0x0000000623000000, 0x0000000623000000| Untracked 
| 139|0x0000000623400000, 0x0000000623400000, 0x0000000623800000|  0%| F|  |TAMS 0x0000000623400000, 0x0000000623400000| Untracked 
| 140|0x0000000623800000, 0x0000000623800000, 0x0000000623c00000|  0%| F|  |TAMS 0x0000000623800000, 0x0000000623800000| Untracked 
| 141|0x0000000623c00000, 0x0000000623c00000, 0x0000000624000000|  0%| F|  |TAMS 0x0000000623c00000, 0x0000000623c00000| Untracked 
| 142|0x0000000624000000, 0x0000000624000000, 0x0000000624400000|  0%| F|  |TAMS 0x0000000624000000, 0x0000000624000000| Untracked 
| 143|0x0000000624400000, 0x0000000624400000, 0x0000000624800000|  0%| F|  |TAMS 0x0000000624400000, 0x0000000624400000| Untracked 
| 144|0x0000000624800000, 0x0000000624800000, 0x0000000624c00000|  0%| F|  |TAMS 0x0000000624800000, 0x0000000624800000| Untracked 
| 145|0x0000000624c00000, 0x0000000624c00000, 0x0000000625000000|  0%| F|  |TAMS 0x0000000624c00000, 0x0000000624c00000| Untracked 
| 146|0x0000000625000000, 0x0000000625000000, 0x0000000625400000|  0%| F|  |TAMS 0x0000000625000000, 0x0000000625000000| Untracked 
| 147|0x0000000625400000, 0x0000000625400000, 0x0000000625800000|  0%| F|  |TAMS 0x0000000625400000, 0x0000000625400000| Untracked 
| 148|0x0000000625800000, 0x0000000625800000, 0x0000000625c00000|  0%| F|  |TAMS 0x0000000625800000, 0x0000000625800000| Untracked 
| 149|0x0000000625c00000, 0x0000000625c00000, 0x0000000626000000|  0%| F|  |TAMS 0x0000000625c00000, 0x0000000625c00000| Untracked 
| 150|0x0000000626000000, 0x0000000626000000, 0x0000000626400000|  0%| F|  |TAMS 0x0000000626000000, 0x0000000626000000| Untracked 
| 151|0x0000000626400000, 0x0000000626400000, 0x0000000626800000|  0%| F|  |TAMS 0x0000000626400000, 0x0000000626400000| Untracked 
| 152|0x0000000626800000, 0x0000000626800000, 0x0000000626c00000|  0%| F|  |TAMS 0x0000000626800000, 0x0000000626800000| Untracked 
| 153|0x0000000626c00000, 0x0000000626c00000, 0x0000000627000000|  0%| F|  |TAMS 0x0000000626c00000, 0x0000000626c00000| Untracked 
| 154|0x0000000627000000, 0x0000000627000000, 0x0000000627400000|  0%| F|  |TAMS 0x0000000627000000, 0x0000000627000000| Untracked 
| 155|0x0000000627400000, 0x0000000627400000, 0x0000000627800000|  0%| F|  |TAMS 0x0000000627400000, 0x0000000627400000| Untracked 
| 156|0x0000000627800000, 0x0000000627800000, 0x0000000627c00000|  0%| F|  |TAMS 0x0000000627800000, 0x0000000627800000| Untracked 
| 157|0x0000000627c00000, 0x0000000627c00000, 0x0000000628000000|  0%| F|  |TAMS 0x0000000627c00000, 0x0000000627c00000| Untracked 
| 158|0x0000000628000000, 0x0000000628000000, 0x0000000628400000|  0%| F|  |TAMS 0x0000000628000000, 0x0000000628000000| Untracked 
| 159|0x0000000628400000, 0x0000000628400000, 0x0000000628800000|  0%| F|  |TAMS 0x0000000628400000, 0x0000000628400000| Untracked 
| 160|0x0000000628800000, 0x0000000628800000, 0x0000000628c00000|  0%| F|  |TAMS 0x0000000628800000, 0x0000000628800000| Untracked 
| 161|0x0000000628c00000, 0x0000000628c00000, 0x0000000629000000|  0%| F|  |TAMS 0x0000000628c00000, 0x0000000628c00000| Untracked 
| 162|0x0000000629000000, 0x0000000629000000, 0x0000000629400000|  0%| F|  |TAMS 0x0000000629000000, 0x0000000629000000| Untracked 
| 163|0x0000000629400000, 0x0000000629400000, 0x0000000629800000|  0%| F|  |TAMS 0x0000000629400000, 0x0000000629400000| Untracked 
| 164|0x0000000629800000, 0x0000000629800000, 0x0000000629c00000|  0%| F|  |TAMS 0x0000000629800000, 0x0000000629800000| Untracked 
| 165|0x0000000629c00000, 0x0000000629c00000, 0x000000062a000000|  0%| F|  |TAMS 0x0000000629c00000, 0x0000000629c00000| Untracked 
| 166|0x000000062a000000, 0x000000062a000000, 0x000000062a400000|  0%| F|  |TAMS 0x000000062a000000, 0x000000062a000000| Untracked 
| 167|0x000000062a400000, 0x000000062a400000, 0x000000062a800000|  0%| F|  |TAMS 0x000000062a400000, 0x000000062a400000| Untracked 
| 168|0x000000062a800000, 0x000000062a800000, 0x000000062ac00000|  0%| F|  |TAMS 0x000000062a800000, 0x000000062a800000| Untracked 
| 169|0x000000062ac00000, 0x000000062ac00000, 0x000000062b000000|  0%| F|  |TAMS 0x000000062ac00000, 0x000000062ac00000| Untracked 
| 170|0x000000062b000000, 0x000000062b000000, 0x000000062b400000|  0%| F|  |TAMS 0x000000062b000000, 0x000000062b000000| Untracked 
| 171|0x000000062b400000, 0x000000062b400000, 0x000000062b800000|  0%| F|  |TAMS 0x000000062b400000, 0x000000062b400000| Untracked 
| 172|0x000000062b800000, 0x000000062b800000, 0x000000062bc00000|  0%| F|  |TAMS 0x000000062b800000, 0x000000062b800000| Untracked 
| 173|0x000000062bc00000, 0x000000062bc00000, 0x000000062c000000|  0%| F|  |TAMS 0x000000062bc00000, 0x000000062bc00000| Untracked 
| 174|0x000000062c000000, 0x000000062c000000, 0x000000062c400000|  0%| F|  |TAMS 0x000000062c000000, 0x000000062c000000| Untracked 
| 175|0x000000062c400000, 0x000000062c400000, 0x000000062c800000|  0%| F|  |TAMS 0x000000062c400000, 0x000000062c400000| Untracked 
| 176|0x000000062c800000, 0x000000062c800000, 0x000000062cc00000|  0%| F|  |TAMS 0x000000062c800000, 0x000000062c800000| Untracked 
| 177|0x000000062cc00000, 0x000000062cc00000, 0x000000062d000000|  0%| F|  |TAMS 0x000000062cc00000, 0x000000062cc00000| Untracked 
| 178|0x000000062d000000, 0x000000062d000000, 0x000000062d400000|  0%| F|  |TAMS 0x000000062d000000, 0x000000062d000000| Untracked 
| 179|0x000000062d400000, 0x000000062d400000, 0x000000062d800000|  0%| F|  |TAMS 0x000000062d400000, 0x000000062d400000| Untracked 
| 180|0x000000062d800000, 0x000000062d800000, 0x000000062dc00000|  0%| F|  |TAMS 0x000000062d800000, 0x000000062d800000| Untracked 
| 181|0x000000062dc00000, 0x000000062dc00000, 0x000000062e000000|  0%| F|  |TAMS 0x000000062dc00000, 0x000000062dc00000| Untracked 
| 182|0x000000062e000000, 0x000000062e000000, 0x000000062e400000|  0%| F|  |TAMS 0x000000062e000000, 0x000000062e000000| Untracked 
| 183|0x000000062e400000, 0x000000062e400000, 0x000000062e800000|  0%| F|  |TAMS 0x000000062e400000, 0x000000062e400000| Untracked 
| 184|0x000000062e800000, 0x000000062e800000, 0x000000062ec00000|  0%| F|  |TAMS 0x000000062e800000, 0x000000062e800000| Untracked 
| 185|0x000000062ec00000, 0x000000062ec00000, 0x000000062f000000|  0%| F|  |TAMS 0x000000062ec00000, 0x000000062ec00000| Untracked 
| 186|0x000000062f000000, 0x000000062f000000, 0x000000062f400000|  0%| F|  |TAMS 0x000000062f000000, 0x000000062f000000| Untracked 
| 187|0x000000062f400000, 0x000000062f400000, 0x000000062f800000|  0%| F|  |TAMS 0x000000062f400000, 0x000000062f400000| Untracked 
| 188|0x000000062f800000, 0x000000062f800000, 0x000000062fc00000|  0%| F|  |TAMS 0x000000062f800000, 0x000000062f800000| Untracked 
| 189|0x000000062fc00000, 0x000000062fc00000, 0x0000000630000000|  0%| F|  |TAMS 0x000000062fc00000, 0x000000062fc00000| Untracked 
| 190|0x0000000630000000, 0x0000000630000000, 0x0000000630400000|  0%| F|  |TAMS 0x0000000630000000, 0x0000000630000000| Untracked 
| 191|0x0000000630400000, 0x0000000630400000, 0x0000000630800000|  0%| F|  |TAMS 0x0000000630400000, 0x0000000630400000| Untracked 
| 192|0x0000000630800000, 0x0000000630800000, 0x0000000630c00000|  0%| F|  |TAMS 0x0000000630800000, 0x0000000630800000| Untracked 
| 193|0x0000000630c00000, 0x0000000630c00000, 0x0000000631000000|  0%| F|  |TAMS 0x0000000630c00000, 0x0000000630c00000| Untracked 
| 194|0x0000000631000000, 0x0000000631000000, 0x0000000631400000|  0%| F|  |TAMS 0x0000000631000000, 0x0000000631000000| Untracked 
| 195|0x0000000631400000, 0x0000000631400000, 0x0000000631800000|  0%| F|  |TAMS 0x0000000631400000, 0x0000000631400000| Untracked 
| 196|0x0000000631800000, 0x0000000631800000, 0x0000000631c00000|  0%| F|  |TAMS 0x0000000631800000, 0x0000000631800000| Untracked 
| 197|0x0000000631c00000, 0x0000000631c00000, 0x0000000632000000|  0%| F|  |TAMS 0x0000000631c00000, 0x0000000631c00000| Untracked 
| 198|0x0000000632000000, 0x0000000632000000, 0x0000000632400000|  0%| F|  |TAMS 0x0000000632000000, 0x0000000632000000| Untracked 
| 199|0x0000000632400000, 0x0000000632400000, 0x0000000632800000|  0%| F|  |TAMS 0x0000000632400000, 0x0000000632400000| Untracked 
| 200|0x0000000632800000, 0x0000000632800000, 0x0000000632c00000|  0%| F|  |TAMS 0x0000000632800000, 0x0000000632800000| Untracked 
| 201|0x0000000632c00000, 0x0000000632c00000, 0x0000000633000000|  0%| F|  |TAMS 0x0000000632c00000, 0x0000000632c00000| Untracked 
| 202|0x0000000633000000, 0x0000000633000000, 0x0000000633400000|  0%| F|  |TAMS 0x0000000633000000, 0x0000000633000000| Untracked 
| 203|0x0000000633400000, 0x0000000633400000, 0x0000000633800000|  0%| F|  |TAMS 0x0000000633400000, 0x0000000633400000| Untracked 
| 204|0x0000000633800000, 0x0000000633800000, 0x0000000633c00000|  0%| F|  |TAMS 0x0000000633800000, 0x0000000633800000| Untracked 
| 205|0x0000000633c00000, 0x0000000633c00000, 0x0000000634000000|  0%| F|  |TAMS 0x0000000633c00000, 0x0000000633c00000| Untracked 
| 206|0x0000000634000000, 0x0000000634000000, 0x0000000634400000|  0%| F|  |TAMS 0x0000000634000000, 0x0000000634000000| Untracked 
| 207|0x0000000634400000, 0x0000000634400000, 0x0000000634800000|  0%| F|  |TAMS 0x0000000634400000, 0x0000000634400000| Untracked 
| 208|0x0000000634800000, 0x0000000634800000, 0x0000000634c00000|  0%| F|  |TAMS 0x0000000634800000, 0x0000000634800000| Untracked 
| 209|0x0000000634c00000, 0x0000000634c00000, 0x0000000635000000|  0%| F|  |TAMS 0x0000000634c00000, 0x0000000634c00000| Untracked 
| 210|0x0000000635000000, 0x0000000635000000, 0x0000000635400000|  0%| F|  |TAMS 0x0000000635000000, 0x0000000635000000| Untracked 
| 211|0x0000000635400000, 0x0000000635400000, 0x0000000635800000|  0%| F|  |TAMS 0x0000000635400000, 0x0000000635400000| Untracked 
| 212|0x0000000635800000, 0x0000000635800000, 0x0000000635c00000|  0%| F|  |TAMS 0x0000000635800000, 0x0000000635800000| Untracked 
| 213|0x0000000635c00000, 0x0000000635c00000, 0x0000000636000000|  0%| F|  |TAMS 0x0000000635c00000, 0x0000000635c00000| Untracked 
| 214|0x0000000636000000, 0x0000000636000000, 0x0000000636400000|  0%| F|  |TAMS 0x0000000636000000, 0x0000000636000000| Untracked 
| 215|0x0000000636400000, 0x0000000636400000, 0x0000000636800000|  0%| F|  |TAMS 0x0000000636400000, 0x0000000636400000| Untracked 
| 216|0x0000000636800000, 0x0000000636800000, 0x0000000636c00000|  0%| F|  |TAMS 0x0000000636800000, 0x0000000636800000| Untracked 
| 217|0x0000000636c00000, 0x0000000636c00000, 0x0000000637000000|  0%| F|  |TAMS 0x0000000636c00000, 0x0000000636c00000| Untracked 
| 218|0x0000000637000000, 0x0000000637000000, 0x0000000637400000|  0%| F|  |TAMS 0x0000000637000000, 0x0000000637000000| Untracked 
| 219|0x0000000637400000, 0x0000000637400000, 0x0000000637800000|  0%| F|  |TAMS 0x0000000637400000, 0x0000000637400000| Untracked 
| 220|0x0000000637800000, 0x0000000637800000, 0x0000000637c00000|  0%| F|  |TAMS 0x0000000637800000, 0x0000000637800000| Untracked 
| 221|0x0000000637c00000, 0x0000000637c00000, 0x0000000638000000|  0%| F|  |TAMS 0x0000000637c00000, 0x0000000637c00000| Untracked 
| 222|0x0000000638000000, 0x0000000638000000, 0x0000000638400000|  0%| F|  |TAMS 0x0000000638000000, 0x0000000638000000| Untracked 
| 223|0x0000000638400000, 0x0000000638400000, 0x0000000638800000|  0%| F|  |TAMS 0x0000000638400000, 0x0000000638400000| Untracked 
| 224|0x0000000638800000, 0x0000000638800000, 0x0000000638c00000|  0%| F|  |TAMS 0x0000000638800000, 0x0000000638800000| Untracked 
| 225|0x0000000638c00000, 0x0000000638c00000, 0x0000000639000000|  0%| F|  |TAMS 0x0000000638c00000, 0x0000000638c00000| Untracked 
| 226|0x0000000639000000, 0x0000000639000000, 0x0000000639400000|  0%| F|  |TAMS 0x0000000639000000, 0x0000000639000000| Untracked 
| 227|0x0000000639400000, 0x0000000639400000, 0x0000000639800000|  0%| F|  |TAMS 0x0000000639400000, 0x0000000639400000| Untracked 
| 228|0x0000000639800000, 0x0000000639800000, 0x0000000639c00000|  0%| F|  |TAMS 0x0000000639800000, 0x0000000639800000| Untracked 
| 229|0x0000000639c00000, 0x0000000639c00000, 0x000000063a000000|  0%| F|  |TAMS 0x0000000639c00000, 0x0000000639c00000| Untracked 
| 230|0x000000063a000000, 0x000000063a000000, 0x000000063a400000|  0%| F|  |TAMS 0x000000063a000000, 0x000000063a000000| Untracked 
| 231|0x000000063a400000, 0x000000063a400000, 0x000000063a800000|  0%| F|  |TAMS 0x000000063a400000, 0x000000063a400000| Untracked 
| 232|0x000000063a800000, 0x000000063a800000, 0x000000063ac00000|  0%| F|  |TAMS 0x000000063a800000, 0x000000063a800000| Untracked 
| 233|0x000000063ac00000, 0x000000063ac00000, 0x000000063b000000|  0%| F|  |TAMS 0x000000063ac00000, 0x000000063ac00000| Untracked 
| 234|0x000000063b000000, 0x000000063b000000, 0x000000063b400000|  0%| F|  |TAMS 0x000000063b000000, 0x000000063b000000| Untracked 
| 235|0x000000063b400000, 0x000000063b400000, 0x000000063b800000|  0%| F|  |TAMS 0x000000063b400000, 0x000000063b400000| Untracked 
| 236|0x000000063b800000, 0x000000063b800000, 0x000000063bc00000|  0%| F|  |TAMS 0x000000063b800000, 0x000000063b800000| Untracked 
| 237|0x000000063bc00000, 0x000000063bc00000, 0x000000063c000000|  0%| F|  |TAMS 0x000000063bc00000, 0x000000063bc00000| Untracked 
| 238|0x000000063c000000, 0x000000063c000000, 0x000000063c400000|  0%| F|  |TAMS 0x000000063c000000, 0x000000063c000000| Untracked 
| 239|0x000000063c400000, 0x000000063c400000, 0x000000063c800000|  0%| F|  |TAMS 0x000000063c400000, 0x000000063c400000| Untracked 
| 240|0x000000063c800000, 0x000000063c800000, 0x000000063cc00000|  0%| F|  |TAMS 0x000000063c800000, 0x000000063c800000| Untracked 
| 241|0x000000063cc00000, 0x000000063cc00000, 0x000000063d000000|  0%| F|  |TAMS 0x000000063cc00000, 0x000000063cc00000| Untracked 
| 242|0x000000063d000000, 0x000000063d000000, 0x000000063d400000|  0%| F|  |TAMS 0x000000063d000000, 0x000000063d000000| Untracked 
| 243|0x000000063d400000, 0x000000063d400000, 0x000000063d800000|  0%| F|  |TAMS 0x000000063d400000, 0x000000063d400000| Untracked 
| 244|0x000000063d800000, 0x000000063d800000, 0x000000063dc00000|  0%| F|  |TAMS 0x000000063d800000, 0x000000063d800000| Untracked 
| 245|0x000000063dc00000, 0x000000063dc00000, 0x000000063e000000|  0%| F|  |TAMS 0x000000063dc00000, 0x000000063dc00000| Untracked 
| 246|0x000000063e000000, 0x000000063e000000, 0x000000063e400000|  0%| F|  |TAMS 0x000000063e000000, 0x000000063e000000| Untracked 
| 247|0x000000063e400000, 0x000000063e400000, 0x000000063e800000|  0%| F|  |TAMS 0x000000063e400000, 0x000000063e400000| Untracked 
| 248|0x000000063e800000, 0x000000063e800000, 0x000000063ec00000|  0%| F|  |TAMS 0x000000063e800000, 0x000000063e800000| Untracked 
| 249|0x000000063ec00000, 0x000000063ec00000, 0x000000063f000000|  0%| F|  |TAMS 0x000000063ec00000, 0x000000063ec00000| Untracked 
| 250|0x000000063f000000, 0x000000063f000000, 0x000000063f400000|  0%| F|  |TAMS 0x000000063f000000, 0x000000063f000000| Untracked 
| 251|0x000000063f400000, 0x000000063f400000, 0x000000063f800000|  0%| F|  |TAMS 0x000000063f400000, 0x000000063f400000| Untracked 
| 252|0x000000063f800000, 0x000000063f800000, 0x000000063fc00000|  0%| F|  |TAMS 0x000000063f800000, 0x000000063f800000| Untracked 
| 253|0x000000063fc00000, 0x000000063fc00000, 0x0000000640000000|  0%| F|  |TAMS 0x000000063fc00000, 0x000000063fc00000| Untracked 
| 254|0x0000000640000000, 0x0000000640000000, 0x0000000640400000|  0%| F|  |TAMS 0x0000000640000000, 0x0000000640000000| Untracked 
| 255|0x0000000640400000, 0x0000000640400000, 0x0000000640800000|  0%| F|  |TAMS 0x0000000640400000, 0x0000000640400000| Untracked 
| 256|0x0000000640800000, 0x0000000640800000, 0x0000000640c00000|  0%| F|  |TAMS 0x0000000640800000, 0x0000000640800000| Untracked 
| 257|0x0000000640c00000, 0x0000000640c00000, 0x0000000641000000|  0%| F|  |TAMS 0x0000000640c00000, 0x0000000640c00000| Untracked 
| 258|0x0000000641000000, 0x0000000641000000, 0x0000000641400000|  0%| F|  |TAMS 0x0000000641000000, 0x0000000641000000| Untracked 
| 259|0x0000000641400000, 0x0000000641400000, 0x0000000641800000|  0%| F|  |TAMS 0x0000000641400000, 0x0000000641400000| Untracked 
| 260|0x0000000641800000, 0x0000000641800000, 0x0000000641c00000|  0%| F|  |TAMS 0x0000000641800000, 0x0000000641800000| Untracked 
| 261|0x0000000641c00000, 0x0000000641c00000, 0x0000000642000000|  0%| F|  |TAMS 0x0000000641c00000, 0x0000000641c00000| Untracked 
| 262|0x0000000642000000, 0x0000000642000000, 0x0000000642400000|  0%| F|  |TAMS 0x0000000642000000, 0x0000000642000000| Untracked 
| 263|0x0000000642400000, 0x0000000642400000, 0x0000000642800000|  0%| F|  |TAMS 0x0000000642400000, 0x0000000642400000| Untracked 
| 264|0x0000000642800000, 0x0000000642800000, 0x0000000642c00000|  0%| F|  |TAMS 0x0000000642800000, 0x0000000642800000| Untracked 
| 265|0x0000000642c00000, 0x0000000642c00000, 0x0000000643000000|  0%| F|  |TAMS 0x0000000642c00000, 0x0000000642c00000| Untracked 
| 266|0x0000000643000000, 0x0000000643000000, 0x0000000643400000|  0%| F|  |TAMS 0x0000000643000000, 0x0000000643000000| Untracked 
| 267|0x0000000643400000, 0x0000000643400000, 0x0000000643800000|  0%| F|  |TAMS 0x0000000643400000, 0x0000000643400000| Untracked 
| 268|0x0000000643800000, 0x0000000643800000, 0x0000000643c00000|  0%| F|  |TAMS 0x0000000643800000, 0x0000000643800000| Untracked 
| 269|0x0000000643c00000, 0x0000000643c00000, 0x0000000644000000|  0%| F|  |TAMS 0x0000000643c00000, 0x0000000643c00000| Untracked 
| 270|0x0000000644000000, 0x0000000644000000, 0x0000000644400000|  0%| F|  |TAMS 0x0000000644000000, 0x0000000644000000| Untracked 
| 271|0x0000000644400000, 0x0000000644400000, 0x0000000644800000|  0%| F|  |TAMS 0x0000000644400000, 0x0000000644400000| Untracked 
| 272|0x0000000644800000, 0x0000000644800000, 0x0000000644c00000|  0%| F|  |TAMS 0x0000000644800000, 0x0000000644800000| Untracked 
| 273|0x0000000644c00000, 0x0000000644c00000, 0x0000000645000000|  0%| F|  |TAMS 0x0000000644c00000, 0x0000000644c00000| Untracked 
| 274|0x0000000645000000, 0x0000000645000000, 0x0000000645400000|  0%| F|  |TAMS 0x0000000645000000, 0x0000000645000000| Untracked 
| 275|0x0000000645400000, 0x0000000645400000, 0x0000000645800000|  0%| F|  |TAMS 0x0000000645400000, 0x0000000645400000| Untracked 
| 276|0x0000000645800000, 0x0000000645800000, 0x0000000645c00000|  0%| F|  |TAMS 0x0000000645800000, 0x0000000645800000| Untracked 
| 277|0x0000000645c00000, 0x0000000645c00000, 0x0000000646000000|  0%| F|  |TAMS 0x0000000645c00000, 0x0000000645c00000| Untracked 
| 278|0x0000000646000000, 0x0000000646000000, 0x0000000646400000|  0%| F|  |TAMS 0x0000000646000000, 0x0000000646000000| Untracked 
| 279|0x0000000646400000, 0x0000000646400000, 0x0000000646800000|  0%| F|  |TAMS 0x0000000646400000, 0x0000000646400000| Untracked 
| 280|0x0000000646800000, 0x0000000646800000, 0x0000000646c00000|  0%| F|  |TAMS 0x0000000646800000, 0x0000000646800000| Untracked 
| 281|0x0000000646c00000, 0x0000000646c00000, 0x0000000647000000|  0%| F|  |TAMS 0x0000000646c00000, 0x0000000646c00000| Untracked 
| 282|0x0000000647000000, 0x0000000647000000, 0x0000000647400000|  0%| F|  |TAMS 0x0000000647000000, 0x0000000647000000| Untracked 
| 283|0x0000000647400000, 0x0000000647400000, 0x0000000647800000|  0%| F|  |TAMS 0x0000000647400000, 0x0000000647400000| Untracked 
| 284|0x0000000647800000, 0x0000000647800000, 0x0000000647c00000|  0%| F|  |TAMS 0x0000000647800000, 0x0000000647800000| Untracked 
| 285|0x0000000647c00000, 0x0000000647c00000, 0x0000000648000000|  0%| F|  |TAMS 0x0000000647c00000, 0x0000000647c00000| Untracked 
| 286|0x0000000648000000, 0x0000000648000000, 0x0000000648400000|  0%| F|  |TAMS 0x0000000648000000, 0x0000000648000000| Untracked 
| 287|0x0000000648400000, 0x0000000648400000, 0x0000000648800000|  0%| F|  |TAMS 0x0000000648400000, 0x0000000648400000| Untracked 
| 288|0x0000000648800000, 0x0000000648800000, 0x0000000648c00000|  0%| F|  |TAMS 0x0000000648800000, 0x0000000648800000| Untracked 
| 289|0x0000000648c00000, 0x0000000648c00000, 0x0000000649000000|  0%| F|  |TAMS 0x0000000648c00000, 0x0000000648c00000| Untracked 
| 290|0x0000000649000000, 0x0000000649000000, 0x0000000649400000|  0%| F|  |TAMS 0x0000000649000000, 0x0000000649000000| Untracked 
| 291|0x0000000649400000, 0x0000000649400000, 0x0000000649800000|  0%| F|  |TAMS 0x0000000649400000, 0x0000000649400000| Untracked 
| 292|0x0000000649800000, 0x0000000649800000, 0x0000000649c00000|  0%| F|  |TAMS 0x0000000649800000, 0x0000000649800000| Untracked 
| 293|0x0000000649c00000, 0x0000000649c00000, 0x000000064a000000|  0%| F|  |TAMS 0x0000000649c00000, 0x0000000649c00000| Untracked 
| 294|0x000000064a000000, 0x000000064a200800, 0x000000064a400000| 50%| E|  |TAMS 0x000000064a000000, 0x000000064a000000| Complete 
| 295|0x000000064a400000, 0x000000064a800000, 0x000000064a800000|100%| E|CS|TAMS 0x000000064a400000, 0x000000064a400000| Complete 
| 296|0x000000064a800000, 0x000000064ac00000, 0x000000064ac00000|100%| E|CS|TAMS 0x000000064a800000, 0x000000064a800000| Complete 
| 297|0x000000064ac00000, 0x000000064b000000, 0x000000064b000000|100%| E|CS|TAMS 0x000000064ac00000, 0x000000064ac00000| Complete 
| 298|0x000000064b000000, 0x000000064b400000, 0x000000064b400000|100%| E|CS|TAMS 0x000000064b000000, 0x000000064b000000| Complete 
| 299|0x000000064b400000, 0x000000064b800000, 0x000000064b800000|100%| E|CS|TAMS 0x000000064b400000, 0x000000064b400000| Complete 
| 300|0x000000064b800000, 0x000000064bc00000, 0x000000064bc00000|100%| E|CS|TAMS 0x000000064b800000, 0x000000064b800000| Complete 
| 301|0x000000064bc00000, 0x000000064c000000, 0x000000064c000000|100%| E|CS|TAMS 0x000000064bc00000, 0x000000064bc00000| Complete 
| 302|0x000000064c000000, 0x000000064c400000, 0x000000064c400000|100%| E|CS|TAMS 0x000000064c000000, 0x000000064c000000| Complete 
| 303|0x000000064c400000, 0x000000064c800000, 0x000000064c800000|100%| E|CS|TAMS 0x000000064c400000, 0x000000064c400000| Complete 
| 304|0x000000064c800000, 0x000000064cc00000, 0x000000064cc00000|100%| E|CS|TAMS 0x000000064c800000, 0x000000064c800000| Complete 
| 305|0x000000064cc00000, 0x000000064d000000, 0x000000064d000000|100%| E|CS|TAMS 0x000000064cc00000, 0x000000064cc00000| Complete 
| 306|0x000000064d000000, 0x000000064d400000, 0x000000064d400000|100%| E|CS|TAMS 0x000000064d000000, 0x000000064d000000| Complete 
| 307|0x000000064d400000, 0x000000064d800000, 0x000000064d800000|100%| E|CS|TAMS 0x000000064d400000, 0x000000064d400000| Complete 
| 308|0x000000064d800000, 0x000000064dc00000, 0x000000064dc00000|100%| E|CS|TAMS 0x000000064d800000, 0x000000064d800000| Complete 
| 309|0x000000064dc00000, 0x000000064e000000, 0x000000064e000000|100%| E|CS|TAMS 0x000000064dc00000, 0x000000064dc00000| Complete 
| 310|0x000000064e000000, 0x000000064e400000, 0x000000064e400000|100%| E|CS|TAMS 0x000000064e000000, 0x000000064e000000| Complete 
| 311|0x000000064e400000, 0x000000064e800000, 0x000000064e800000|100%| E|CS|TAMS 0x000000064e400000, 0x000000064e400000| Complete 
| 312|0x000000064e800000, 0x000000064ec00000, 0x000000064ec00000|100%| E|CS|TAMS 0x000000064e800000, 0x000000064e800000| Complete 
| 313|0x000000064ec00000, 0x000000064f000000, 0x000000064f000000|100%| E|CS|TAMS 0x000000064ec00000, 0x000000064ec00000| Complete 
| 314|0x000000064f000000, 0x000000064f400000, 0x000000064f400000|100%| E|CS|TAMS 0x000000064f000000, 0x000000064f000000| Complete 
| 315|0x000000064f400000, 0x000000064f800000, 0x000000064f800000|100%| E|CS|TAMS 0x000000064f400000, 0x000000064f400000| Complete 
| 316|0x000000064f800000, 0x000000064fc00000, 0x000000064fc00000|100%| E|CS|TAMS 0x000000064f800000, 0x000000064f800000| Complete 
| 317|0x000000064fc00000, 0x0000000650000000, 0x0000000650000000|100%| E|CS|TAMS 0x000000064fc00000, 0x000000064fc00000| Complete 
| 318|0x0000000650000000, 0x0000000650400000, 0x0000000650400000|100%| E|CS|TAMS 0x0000000650000000, 0x0000000650000000| Complete 
| 319|0x0000000650400000, 0x0000000650800000, 0x0000000650800000|100%| E|CS|TAMS 0x0000000650400000, 0x0000000650400000| Complete 
| 320|0x0000000650800000, 0x0000000650c00000, 0x0000000650c00000|100%| E|CS|TAMS 0x0000000650800000, 0x0000000650800000| Complete 
| 321|0x0000000650c00000, 0x0000000651000000, 0x0000000651000000|100%| E|CS|TAMS 0x0000000650c00000, 0x0000000650c00000| Complete 
| 322|0x0000000651000000, 0x0000000651400000, 0x0000000651400000|100%| E|CS|TAMS 0x0000000651000000, 0x0000000651000000| Complete 
| 323|0x0000000651400000, 0x0000000651800000, 0x0000000651800000|100%| E|CS|TAMS 0x0000000651400000, 0x0000000651400000| Complete 
| 324|0x0000000651800000, 0x0000000651c00000, 0x0000000651c00000|100%| E|CS|TAMS 0x0000000651800000, 0x0000000651800000| Complete 
| 325|0x0000000651c00000, 0x0000000652000000, 0x0000000652000000|100%| E|CS|TAMS 0x0000000651c00000, 0x0000000651c00000| Complete 
| 326|0x0000000652000000, 0x0000000652400000, 0x0000000652400000|100%| E|CS|TAMS 0x0000000652000000, 0x0000000652000000| Complete 
| 327|0x0000000652400000, 0x0000000652800000, 0x0000000652800000|100%| E|CS|TAMS 0x0000000652400000, 0x0000000652400000| Complete 
| 328|0x0000000652800000, 0x0000000652c00000, 0x0000000652c00000|100%| E|CS|TAMS 0x0000000652800000, 0x0000000652800000| Complete 
| 329|0x0000000652c00000, 0x0000000653000000, 0x0000000653000000|100%| E|CS|TAMS 0x0000000652c00000, 0x0000000652c00000| Complete 
| 330|0x0000000653000000, 0x0000000653400000, 0x0000000653400000|100%| E|CS|TAMS 0x0000000653000000, 0x0000000653000000| Complete 
| 331|0x0000000653400000, 0x0000000653800000, 0x0000000653800000|100%| E|CS|TAMS 0x0000000653400000, 0x0000000653400000| Complete 
| 332|0x0000000653800000, 0x0000000653c00000, 0x0000000653c00000|100%| E|CS|TAMS 0x0000000653800000, 0x0000000653800000| Complete 
| 333|0x0000000653c00000, 0x0000000654000000, 0x0000000654000000|100%| E|CS|TAMS 0x0000000653c00000, 0x0000000653c00000| Complete 
| 334|0x0000000654000000, 0x0000000654400000, 0x0000000654400000|100%| E|CS|TAMS 0x0000000654000000, 0x0000000654000000| Complete 
| 335|0x0000000654400000, 0x0000000654800000, 0x0000000654800000|100%| E|CS|TAMS 0x0000000654400000, 0x0000000654400000| Complete 
| 336|0x0000000654800000, 0x0000000654c00000, 0x0000000654c00000|100%| E|CS|TAMS 0x0000000654800000, 0x0000000654800000| Complete 
| 337|0x0000000654c00000, 0x0000000655000000, 0x0000000655000000|100%| E|CS|TAMS 0x0000000654c00000, 0x0000000654c00000| Complete 
| 338|0x0000000655000000, 0x0000000655400000, 0x0000000655400000|100%| E|CS|TAMS 0x0000000655000000, 0x0000000655000000| Complete 
| 339|0x0000000655400000, 0x0000000655800000, 0x0000000655800000|100%| E|CS|TAMS 0x0000000655400000, 0x0000000655400000| Complete 
| 340|0x0000000655800000, 0x0000000655c00000, 0x0000000655c00000|100%| E|CS|TAMS 0x0000000655800000, 0x0000000655800000| Complete 
| 341|0x0000000655c00000, 0x0000000656000000, 0x0000000656000000|100%| E|CS|TAMS 0x0000000655c00000, 0x0000000655c00000| Complete 
| 342|0x0000000656000000, 0x0000000656400000, 0x0000000656400000|100%| E|CS|TAMS 0x0000000656000000, 0x0000000656000000| Complete 
| 343|0x0000000656400000, 0x0000000656800000, 0x0000000656800000|100%| E|CS|TAMS 0x0000000656400000, 0x0000000656400000| Complete 
| 344|0x0000000656800000, 0x0000000656c00000, 0x0000000656c00000|100%| E|CS|TAMS 0x0000000656800000, 0x0000000656800000| Complete 
| 345|0x0000000656c00000, 0x0000000657000000, 0x0000000657000000|100%| E|CS|TAMS 0x0000000656c00000, 0x0000000656c00000| Complete 
| 346|0x0000000657000000, 0x0000000657400000, 0x0000000657400000|100%| E|CS|TAMS 0x0000000657000000, 0x0000000657000000| Complete 
| 347|0x0000000657400000, 0x0000000657800000, 0x0000000657800000|100%| E|CS|TAMS 0x0000000657400000, 0x0000000657400000| Complete 
| 348|0x0000000657800000, 0x0000000657c00000, 0x0000000657c00000|100%| E|CS|TAMS 0x0000000657800000, 0x0000000657800000| Complete 
| 349|0x0000000657c00000, 0x0000000658000000, 0x0000000658000000|100%| E|CS|TAMS 0x0000000657c00000, 0x0000000657c00000| Complete 
| 350|0x0000000658000000, 0x0000000658400000, 0x0000000658400000|100%| E|CS|TAMS 0x0000000658000000, 0x0000000658000000| Complete 
| 351|0x0000000658400000, 0x0000000658800000, 0x0000000658800000|100%| E|CS|TAMS 0x0000000658400000, 0x0000000658400000| Complete 
| 352|0x0000000658800000, 0x0000000658c00000, 0x0000000658c00000|100%| E|CS|TAMS 0x0000000658800000, 0x0000000658800000| Complete 
| 353|0x0000000658c00000, 0x0000000659000000, 0x0000000659000000|100%| E|CS|TAMS 0x0000000658c00000, 0x0000000658c00000| Complete 
| 354|0x0000000659000000, 0x0000000659400000, 0x0000000659400000|100%| E|CS|TAMS 0x0000000659000000, 0x0000000659000000| Complete 
| 355|0x0000000659400000, 0x0000000659800000, 0x0000000659800000|100%| E|CS|TAMS 0x0000000659400000, 0x0000000659400000| Complete 
| 356|0x0000000659800000, 0x0000000659c00000, 0x0000000659c00000|100%| E|CS|TAMS 0x0000000659800000, 0x0000000659800000| Complete 
| 357|0x0000000659c00000, 0x000000065a000000, 0x000000065a000000|100%| E|CS|TAMS 0x0000000659c00000, 0x0000000659c00000| Complete 
| 358|0x000000065a000000, 0x000000065a400000, 0x000000065a400000|100%| E|CS|TAMS 0x000000065a000000, 0x000000065a000000| Complete 
| 359|0x000000065a400000, 0x000000065a800000, 0x000000065a800000|100%| E|CS|TAMS 0x000000065a400000, 0x000000065a400000| Complete 
| 360|0x000000065a800000, 0x000000065ac00000, 0x000000065ac00000|100%| E|CS|TAMS 0x000000065a800000, 0x000000065a800000| Complete 
| 361|0x000000065ac00000, 0x000000065ae32d80, 0x000000065b000000| 54%| S|CS|TAMS 0x000000065ac00000, 0x000000065ac00000| Complete 
| 362|0x000000065b000000, 0x000000065b400000, 0x000000065b400000|100%| E|CS|TAMS 0x000000065b000000, 0x000000065b000000| Complete 
| 363|0x000000065b400000, 0x000000065b800000, 0x000000065b800000|100%| E|CS|TAMS 0x000000065b400000, 0x000000065b400000| Complete 
| 364|0x000000065b800000, 0x000000065bc00000, 0x000000065bc00000|100%| E|CS|TAMS 0x000000065b800000, 0x000000065b800000| Complete 
| 365|0x000000065bc00000, 0x000000065c000000, 0x000000065c000000|100%| E|CS|TAMS 0x000000065bc00000, 0x000000065bc00000| Complete 
| 366|0x000000065c000000, 0x000000065c400000, 0x000000065c400000|100%| E|CS|TAMS 0x000000065c000000, 0x000000065c000000| Complete 
| 367|0x000000065c400000, 0x000000065c800000, 0x000000065c800000|100%| E|CS|TAMS 0x000000065c400000, 0x000000065c400000| Complete 
| 368|0x000000065c800000, 0x000000065cc00000, 0x000000065cc00000|100%| E|CS|TAMS 0x000000065c800000, 0x000000065c800000| Complete 
| 369|0x000000065cc00000, 0x000000065d000000, 0x000000065d000000|100%| E|CS|TAMS 0x000000065cc00000, 0x000000065cc00000| Complete 
| 370|0x000000065d000000, 0x000000065d400000, 0x000000065d400000|100%| E|CS|TAMS 0x000000065d000000, 0x000000065d000000| Complete 
| 371|0x000000065d400000, 0x000000065d800000, 0x000000065d800000|100%| E|CS|TAMS 0x000000065d400000, 0x000000065d400000| Complete 
| 372|0x000000065d800000, 0x000000065dc00000, 0x000000065dc00000|100%| E|CS|TAMS 0x000000065d800000, 0x000000065d800000| Complete 
| 373|0x000000065dc00000, 0x000000065e000000, 0x000000065e000000|100%| E|CS|TAMS 0x000000065dc00000, 0x000000065dc00000| Complete 
| 374|0x000000065e000000, 0x000000065e400000, 0x000000065e400000|100%| E|CS|TAMS 0x000000065e000000, 0x000000065e000000| Complete 
| 375|0x000000065e400000, 0x000000065e800000, 0x000000065e800000|100%| E|CS|TAMS 0x000000065e400000, 0x000000065e400000| Complete 
| 376|0x000000065e800000, 0x000000065ec00000, 0x000000065ec00000|100%| E|CS|TAMS 0x000000065e800000, 0x000000065e800000| Complete 
| 377|0x000000065ec00000, 0x000000065f000000, 0x000000065f000000|100%| E|CS|TAMS 0x000000065ec00000, 0x000000065ec00000| Complete 
| 378|0x000000065f000000, 0x000000065f400000, 0x000000065f400000|100%| E|CS|TAMS 0x000000065f000000, 0x000000065f000000| Complete 
| 379|0x000000065f400000, 0x000000065f800000, 0x000000065f800000|100%| E|CS|TAMS 0x000000065f400000, 0x000000065f400000| Complete 
| 380|0x000000065f800000, 0x000000065fc00000, 0x000000065fc00000|100%| E|CS|TAMS 0x000000065f800000, 0x000000065f800000| Complete 
| 381|0x000000065fc00000, 0x0000000660000000, 0x0000000660000000|100%| E|CS|TAMS 0x000000065fc00000, 0x000000065fc00000| Complete 
| 382|0x0000000660000000, 0x0000000660400000, 0x0000000660400000|100%| E|CS|TAMS 0x0000000660000000, 0x0000000660000000| Complete 
| 383|0x0000000660400000, 0x0000000660800000, 0x0000000660800000|100%| E|CS|TAMS 0x0000000660400000, 0x0000000660400000| Complete 

Card table byte_map: [0x00000271fe630000,0x00000271ff630000] _byte_map_base: 0x00000271fb62c000

Marking Bits (Prev, Next): (CMBitMap*) 0x00000271f58c4020, (CMBitMap*) 0x00000271f58c4060
 Prev Bits: [0x0000027190000000, 0x0000027197fe0000)
 Next Bits: [0x0000027197fe0000, 0x000002719ffc0000)

Polling page: 0x00000271f37a0000

Metaspace:

Usage:
  Non-class:      8.35 MB used.
      Class:    946.92 KB used.
       Both:      9.28 MB used.

Virtual space:
  Non-class space:       16.00 MB reserved,       8.44 MB ( 53%) committed,  2 nodes.
      Class space:        1.00 GB reserved,       1.00 MB ( <1%) committed,  1 nodes.
             Both:        1.02 GB reserved,       9.44 MB ( <1%) committed. 

Chunk freelists:
   Non-Class:  2.95 MB
       Class:  3.02 MB
        Both:  5.98 MB

MaxMetaspaceSize: unlimited
CompressedClassSpaceSize: 1.00 GB
Initial GC threshold: 21.00 MB
Current GC threshold: 21.00 MB
CDS: on
MetaspaceReclaimPolicy: balanced
 - commit_granule_bytes: 65536.
 - commit_granule_words: 8192.
 - virtual_space_node_default_size: 1048576.
 - enlarge_chunks_in_place: 1.
 - new_chunks_are_fully_committed: 0.
 - uncommit_free_chunks: 1.
 - use_allocation_guard: 0.
 - handle_deallocations: 1.


Internal statistics:

num_allocs_failed_limit: 0.
num_arena_births: 130.
num_arena_deaths: 0.
num_vsnodes_births: 3.
num_vsnodes_deaths: 0.
num_space_committed: 151.
num_space_uncommitted: 0.
num_chunks_returned_to_freelist: 0.
num_chunks_taken_from_freelist: 205.
num_chunk_merges: 0.
num_chunk_splits: 129.
num_chunks_enlarged: 84.
num_purges: 0.
num_inconsistent_stats: 0.

CodeHeap 'non-profiled nmethods': size=120000Kb used=705Kb max_used=705Kb free=119294Kb
 bounds [0x0000027187ad0000, 0x0000027187d40000, 0x000002718f000000]
CodeHeap 'profiled nmethods': size=120000Kb used=2889Kb max_used=2889Kb free=117110Kb
 bounds [0x00000271805a0000, 0x0000027180880000, 0x0000027187ad0000]
CodeHeap 'non-nmethods': size=5760Kb used=1305Kb max_used=1364Kb free=4454Kb
 bounds [0x0000027180000000, 0x0000027180270000, 0x00000271805a0000]
 total_blobs=2356 nmethods=1715 adapters=554
 compilation: enabled
              stopped_count=0, restarted_count=0
 full_count=0

Compilation events (20 events):
Event: 9.656 Thread 0x00000271a2107fe0 1707   !   3       java.text.DecimalFormat::doubleSubformat (101 bytes)
Event: 9.656 Thread 0x00000271a2107fe0 nmethod 1707 0x000002718086c310 code [0x000002718086c4e0, 0x000002718086c8f8]
Event: 9.656 Thread 0x00000271a2107fe0 1708       3       java.text.DigitList::set (73 bytes)
Event: 9.657 Thread 0x00000271a2107fe0 nmethod 1708 0x000002718086cb10 code [0x000002718086cd00, 0x000002718086d168]
Event: 9.657 Thread 0x00000271a2107fe0 1709       3       jdk.internal.math.FloatingDecimal::getBinaryToASCIIConverter (6 bytes)
Event: 9.657 Thread 0x00000271a2107fe0 nmethod 1709 0x000002718086d390 code [0x000002718086d520, 0x000002718086d648]
Event: 9.657 Thread 0x00000271a2107fe0 1710       3       jdk.internal.math.FloatingDecimal::getBinaryToASCIIConverter (183 bytes)
Event: 9.657 Thread 0x00000271a2107fe0 nmethod 1710 0x000002718086d710 code [0x000002718086d940, 0x000002718086e1b8]
Event: 9.657 Thread 0x00000271a2107fe0 1711       3       jdk.internal.math.FloatingDecimal::getBinaryToASCIIBuffer (10 bytes)
Event: 9.657 Thread 0x00000271a2107fe0 nmethod 1711 0x000002718086e410 code [0x000002718086e5c0, 0x000002718086e868]
Event: 9.657 Thread 0x00000271a2107fe0 1712       3       jdk.internal.math.FloatingDecimal$BinaryToASCIIBuffer::toJavaFormatString (23 bytes)
Event: 9.657 Thread 0x00000271a2107fe0 nmethod 1712 0x000002718086e910 code [0x000002718086eac0, 0x000002718086ecb8]
Event: 9.657 Thread 0x00000271a2107fe0 1713       3       jdk.internal.math.FloatingDecimal$BinaryToASCIIBuffer::getChars (502 bytes)
Event: 9.658 Thread 0x00000271a2107fe0 nmethod 1713 0x000002718086ed90 code [0x000002718086f020, 0x0000027180870098]
Event: 9.658 Thread 0x00000271a2107fe0 1714       3       java.text.DecimalFormat::subformat (101 bytes)
Event: 9.658 Thread 0x00000271a2107fe0 nmethod 1714 0x0000027180870710 code [0x0000027180870940, 0x0000027180870de8]
Event: 9.658 Thread 0x00000271a2107fe0 1715   !   3       sun.java2d.SunGraphics2D::drawChars (179 bytes)
Event: 9.658 Thread 0x00000271a2107fe0 nmethod 1715 0x0000027180871010 code [0x00000271808712c0, 0x0000027180872088]
Event: 10.534 Thread 0x00000271a2107fe0 1716       1       java.beans.PropertyChangeEvent::getNewValue (5 bytes)
Event: 10.534 Thread 0x00000271a2107fe0 nmethod 1716 0x0000027187b80410 code [0x0000027187b805a0, 0x0000027187b80678]

GC Heap History (16 events):
Event: 0.586 GC heap before
{Heap before GC invocations=0 (full 0):
 garbage-first heap   total 524288K, used 49152K [0x0000000600800000, 0x0000000800000000)
  region size 4096K, 6 young (24576K), 0 survivors (0K)
 Metaspace       used 7694K, committed 7872K, reserved 1056768K
  class space    used 811K, committed 896K, reserved 1048576K
}
Event: 0.593 GC heap after
{Heap after GC invocations=1 (full 0):
 garbage-first heap   total 524288K, used 33096K [0x0000000600800000, 0x0000000800000000)
  region size 4096K, 1 young (4096K), 1 survivors (4096K)
 Metaspace       used 7694K, committed 7872K, reserved 1056768K
  class space    used 811K, committed 896K, reserved 1048576K
}
Event: 0.602 GC heap before
{Heap before GC invocations=1 (full 0):
 garbage-first heap   total 524288K, used 53576K [0x0000000600800000, 0x0000000800000000)
  region size 4096K, 6 young (24576K), 1 survivors (4096K)
 Metaspace       used 7696K, committed 7872K, reserved 1056768K
  class space    used 811K, committed 896K, reserved 1048576K
}
Event: 0.608 GC heap after
{Heap after GC invocations=2 (full 0):
 garbage-first heap   total 524288K, used 46588K [0x0000000600800000, 0x0000000800000000)
  region size 4096K, 1 young (4096K), 1 survivors (4096K)
 Metaspace       used 7696K, committed 7872K, reserved 1056768K
  class space    used 811K, committed 896K, reserved 1048576K
}
Event: 0.624 GC heap before
{Heap before GC invocations=2 (full 0):
 garbage-first heap   total 524288K, used 87548K [0x0000000600800000, 0x0000000800000000)
  region size 4096K, 9 young (36864K), 1 survivors (4096K)
 Metaspace       used 7696K, committed 7872K, reserved 1056768K
  class space    used 811K, committed 896K, reserved 1048576K
}
Event: 0.635 GC heap after
{Heap after GC invocations=3 (full 0):
 garbage-first heap   total 524288K, used 82419K [0x0000000600800000, 0x0000000800000000)
  region size 4096K, 2 young (8192K), 2 survivors (8192K)
 Metaspace       used 7696K, committed 7872K, reserved 1056768K
  class space    used 811K, committed 896K, reserved 1048576K
}
Event: 0.647 GC heap before
{Heap before GC invocations=3 (full 0):
 garbage-first heap   total 524288K, used 119283K [0x0000000600800000, 0x0000000800000000)
  region size 4096K, 9 young (36864K), 2 survivors (8192K)
 Metaspace       used 7696K, committed 7872K, reserved 1056768K
  class space    used 811K, committed 896K, reserved 1048576K
}
Event: 0.659 GC heap after
{Heap after GC invocations=4 (full 0):
 garbage-first heap   total 524288K, used 121217K [0x0000000600800000, 0x0000000800000000)
  region size 4096K, 2 young (8192K), 2 survivors (8192K)
 Metaspace       used 7696K, committed 7872K, reserved 1056768K
  class space    used 811K, committed 896K, reserved 1048576K
}
Event: 0.860 GC heap before
{Heap before GC invocations=4 (full 0):
 garbage-first heap   total 524288K, used 170369K [0x0000000600800000, 0x0000000800000000)
  region size 4096K, 10 young (40960K), 2 survivors (8192K)
 Metaspace       used 7797K, committed 8000K, reserved 1056768K
  class space    used 816K, committed 896K, reserved 1048576K
}
Event: 0.873 GC heap after
{Heap after GC invocations=5 (full 0):
 garbage-first heap   total 524288K, used 151552K [0x0000000600800000, 0x0000000800000000)
  region size 4096K, 2 young (8192K), 2 survivors (8192K)
 Metaspace       used 7797K, committed 8000K, reserved 1056768K
  class space    used 816K, committed 896K, reserved 1048576K
}
Event: 0.899 GC heap before
{Heap before GC invocations=5 (full 0):
 garbage-first heap   total 524288K, used 204800K [0x0000000600800000, 0x0000000800000000)
  region size 4096K, 13 young (53248K), 2 survivors (8192K)
 Metaspace       used 7797K, committed 8000K, reserved 1056768K
  class space    used 816K, committed 896K, reserved 1048576K
}
Event: 0.920 GC heap after
{Heap after GC invocations=6 (full 0):
 garbage-first heap   total 1572864K, used 198677K [0x0000000600800000, 0x0000000800000000)
  region size 4096K, 2 young (8192K), 2 survivors (8192K)
 Metaspace       used 7797K, committed 8000K, reserved 1056768K
  class space    used 816K, committed 896K, reserved 1048576K
}
Event: 1.542 GC heap before
{Heap before GC invocations=6 (full 0):
 garbage-first heap   total 1572864K, used 284693K [0x0000000600800000, 0x0000000800000000)
  region size 4096K, 19 young (77824K), 2 survivors (8192K)
 Metaspace       used 9082K, committed 9280K, reserved 1064960K
  class space    used 945K, committed 1024K, reserved 1048576K
}
Event: 1.559 GC heap after
{Heap after GC invocations=7 (full 0):
 garbage-first heap   total 1572864K, used 253952K [0x0000000600800000, 0x0000000800000000)
  region size 4096K, 3 young (12288K), 3 survivors (12288K)
 Metaspace       used 9082K, committed 9280K, reserved 1064960K
  class space    used 945K, committed 1024K, reserved 1048576K
}
Event: 3.196 GC heap before
{Heap before GC invocations=7 (full 0):
 garbage-first heap   total 1572864K, used 331776K [0x0000000600800000, 0x0000000800000000)
  region size 4096K, 22 young (90112K), 3 survivors (12288K)
 Metaspace       used 9151K, committed 9344K, reserved 1064960K
  class space    used 945K, committed 1024K, reserved 1048576K
}
Event: 3.201 GC heap after
{Heap after GC invocations=8 (full 0):
 garbage-first heap   total 1572864K, used 260292K [0x0000000600800000, 0x0000000800000000)
  region size 4096K, 1 young (4096K), 1 survivors (4096K)
 Metaspace       used 9151K, committed 9344K, reserved 1064960K
  class space    used 945K, committed 1024K, reserved 1048576K
}

Deoptimization events (20 events):
Event: 1.256 Thread 0x00000271a3528ed0 DEOPT PACKING pc=0x0000027187b5b7e4 sp=0x000000aa19fff100
Event: 1.256 Thread 0x00000271a3528ed0 DEOPT UNPACKING pc=0x00000271800523a3 sp=0x000000aa19fff0e8 mode 2
Event: 1.256 Thread 0x00000271a3528ed0 Uncommon trap: trap_request=0xffffffbe fr.pc=0x0000027187b5b7e4 relative=0x0000000000000b84
Event: 1.256 Thread 0x00000271a3528ed0 Uncommon trap: reason=profile_predicate action=maybe_recompile pc=0x0000027187b5b7e4 method=java.util.ArrayList.forEach(Ljava/util/function/Consumer;)V @ 24 c2
Event: 1.256 Thread 0x00000271a3528ed0 DEOPT PACKING pc=0x0000027187b5b7e4 sp=0x000000aa19fff100
Event: 1.256 Thread 0x00000271a3528ed0 DEOPT UNPACKING pc=0x00000271800523a3 sp=0x000000aa19fff0e8 mode 2
Event: 1.256 Thread 0x00000271a3528ed0 Uncommon trap: trap_request=0xffffffbe fr.pc=0x0000027187b5b7e4 relative=0x0000000000000b84
Event: 1.256 Thread 0x00000271a3528ed0 Uncommon trap: reason=profile_predicate action=maybe_recompile pc=0x0000027187b5b7e4 method=java.util.ArrayList.forEach(Ljava/util/function/Consumer;)V @ 24 c2
Event: 1.256 Thread 0x00000271a3528ed0 DEOPT PACKING pc=0x0000027187b5b7e4 sp=0x000000aa19fff100
Event: 1.256 Thread 0x00000271a3528ed0 DEOPT UNPACKING pc=0x00000271800523a3 sp=0x000000aa19fff0e8 mode 2
Event: 1.273 Thread 0x00000271a3528ed0 Uncommon trap: trap_request=0xffffffbe fr.pc=0x0000027187b5cebc relative=0x0000000000000adc
Event: 1.273 Thread 0x00000271a3528ed0 Uncommon trap: reason=profile_predicate action=maybe_recompile pc=0x0000027187b5cebc method=java.util.ArrayList.forEach(Ljava/util/function/Consumer;)V @ 29 c2
Event: 1.273 Thread 0x00000271a3528ed0 DEOPT PACKING pc=0x0000027187b5cebc sp=0x000000aa19fff100
Event: 1.273 Thread 0x00000271a3528ed0 DEOPT UNPACKING pc=0x00000271800523a3 sp=0x000000aa19fff0d8 mode 2
Event: 1.411 Thread 0x00000271a3528ed0 DEOPT PACKING pc=0x000002718076ca36 sp=0x000000aa19fff170
Event: 1.411 Thread 0x00000271a3528ed0 DEOPT UNPACKING pc=0x0000027180052b43 sp=0x000000aa19ffe648 mode 0
Event: 1.422 Thread 0x00000271a3528ed0 DEOPT PACKING pc=0x000002718076fe96 sp=0x000000aa19fff160
Event: 1.422 Thread 0x00000271a3528ed0 DEOPT UNPACKING pc=0x0000027180052b43 sp=0x000000aa19ffe648 mode 0
Event: 1.422 Thread 0x00000271a3528ed0 DEOPT PACKING pc=0x00000271807712f7 sp=0x000000aa19fff160
Event: 1.422 Thread 0x00000271a3528ed0 DEOPT UNPACKING pc=0x0000027180052b43 sp=0x000000aa19ffe640 mode 0

Classes unloaded (0 events):
No events

Classes redefined (0 events):
No events

Internal exceptions (20 events):
Event: 0.100 Thread 0x00000271a22ab9d0 Exception <a 'java/lang/NoSuchMethodError'{0x0000000620678c88}: 'void java.lang.invoke.DirectMethodHandle$Holder.invokeStatic(java.lang.Object, java.lang.Object)'> (0x0000000620678c88) 
thrown [s\src\hotspot\share\interpreter\linkResolver.cpp, line 759]
Event: 0.113 Thread 0x00000271f58124d0 Exception <a 'java/lang/ClassNotFoundException'{0x0000000620752ea8}: sun/awt/resources/spi/awtProvider> (0x0000000620752ea8) 
thrown [s\src\hotspot\share\classfile\systemDictionary.cpp, line 256]
Event: 0.131 Thread 0x00000271f58124d0 Exception <a 'java/io/FileNotFoundException'{0x00000006207a8cb0}> (0x00000006207a8cb0) 
thrown [s\src\hotspot\share\prims\jni.cpp, line 516]
Event: 0.137 Thread 0x00000271f58124d0 Exception <a 'java/io/FileNotFoundException'{0x00000006207d5c18}> (0x00000006207d5c18) 
thrown [s\src\hotspot\share\prims\jni.cpp, line 516]
Event: 0.138 Thread 0x00000271f58124d0 Exception <a 'java/lang/NoSuchMethodError'{0x00000006207d9770}: 'void java.lang.invoke.DirectMethodHandle$Holder.invokeStatic(java.lang.Object, java.lang.Object, java.lang.Object)'> (0x00000006207d9770) 
thrown [s\src\hotspot\share\interpreter\linkResolver.cpp, line 759]
Event: 0.343 Thread 0x00000271f58124d0 Exception <a 'java/lang/NoSuchMethodError'{0x00000006202238b8}: 'void java.lang.invoke.DirectMethodHandle$Holder.invokeSpecial(java.lang.Object, java.lang.Object, java.lang.Object)'> (0x00000006202238b8) 
thrown [s\src\hotspot\share\interpreter\linkResolver.cpp, line 759]
Event: 0.350 Thread 0x00000271f58124d0 Exception <a 'java/lang/NoSuchMethodError'{0x000000062024d7e8}: 'java.lang.Object java.lang.invoke.DirectMethodHandle$Holder.newInvokeSpecial(java.lang.Object, java.lang.Object, java.lang.Object, java.lang.Object, java.lang.Object)'> (0x000000062024d7e8) 
thrown [s\src\hotspot\share\interpreter\linkResolver.cpp, line 759]
Event: 0.352 Thread 0x00000271f58124d0 Exception <a 'java/lang/NoSuchMethodError'{0x00000006202593f0}: 'java.lang.Object java.lang.invoke.DirectMethodHandle$Holder.invokeStatic(java.lang.Object, int, java.lang.Object, java.lang.Object, java.lang.Object, java.lang.Object)'> (0x00000006202593f0) 
thrown [s\src\hotspot\share\interpreter\linkResolver.cpp, line 759]
Event: 0.356 Thread 0x00000271f58124d0 Exception <a 'java/lang/NoSuchMethodError'{0x000000062027eb10}: 'java.lang.Object java.lang.invoke.DirectMethodHandle$Holder.invokeStatic(java.lang.Object, int, java.lang.Object)'> (0x000000062027eb10) 
thrown [s\src\hotspot\share\interpreter\linkResolver.cpp, line 759]
Event: 0.381 Thread 0x00000271f58124d0 Exception <a 'java/lang/ClassNotFoundException'{0x00000006203362a0}: com/sun/swing/internal/plaf/metal/resources/spi/metalProvider> (0x00000006203362a0) 
thrown [s\src\hotspot\share\classfile\systemDictionary.cpp, line 256]
Event: 0.383 Thread 0x00000271f58124d0 Exception <a 'java/lang/ClassNotFoundException'{0x000000062033ac90}: com/sun/swing/internal/plaf/basic/resources/spi/basicProvider> (0x000000062033ac90) 
thrown [s\src\hotspot\share\classfile\systemDictionary.cpp, line 256]
Event: 0.399 Thread 0x00000271a30009d0 Exception <a 'java/lang/NoSuchMethodError'{0x00000006200a7da8}: 'void java.lang.invoke.DirectMethodHandle$Holder.invokeVirtual(java.lang.Object, java.lang.Object)'> (0x00000006200a7da8) 
thrown [s\src\hotspot\share\interpreter\linkResolver.cpp, line 759]
Event: 0.411 Thread 0x00000271f58124d0 Exception <a 'java/lang/NoSuchMethodError'{0x0000000620382968}: 'void java.lang.invoke.DirectMethodHandle$Holder.invokeStaticInit(java.lang.Object)'> (0x0000000620382968) 
thrown [s\src\hotspot\share\interpreter\linkResolver.cpp, line 759]
Event: 0.507 Thread 0x00000271a3528ed0 Exception <a 'java/lang/ClassNotFoundException'{0x000000061f806c40}: sun/net/www/protocol/d/Handler> (0x000000061f806c40) 
thrown [s\src\hotspot\share\classfile\systemDictionary.cpp, line 256]
Event: 0.507 Thread 0x00000271a3528ed0 Exception <a 'java/lang/ClassNotFoundException'{0x000000061f8083d0}: sun/net/www/protocol/d/Handler> (0x000000061f8083d0) 
thrown [s\src\hotspot\share\classfile\systemDictionary.cpp, line 256]
Event: 0.512 Thread 0x00000271a34a82d0 Exception <a 'java/lang/NoSuchMethodError'{0x000000061fdcd510}: 'java.lang.Object java.lang.invoke.DirectMethodHandle$Holder.newInvokeSpecial(java.lang.Object, java.lang.Object, java.lang.Object, int, int, int, int, int)'> (0x000000061fdcd510) 
thrown [s\src\hotspot\share\interpreter\linkResolver.cpp, line 759]
Event: 0.662 Thread 0x00000271a3528ed0 Exception <a 'java/lang/ClassNotFoundException'{0x000000061fc4cbc8}: sun/net/www/protocol/d/Handler> (0x000000061fc4cbc8) 
thrown [s\src\hotspot\share\classfile\systemDictionary.cpp, line 256]
Event: 0.662 Thread 0x00000271a3528ed0 Exception <a 'java/lang/ClassNotFoundException'{0x000000061fc4e318}: sun/net/www/protocol/d/Handler> (0x000000061fc4e318) 
thrown [s\src\hotspot\share\classfile\systemDictionary.cpp, line 256]
Event: 0.988 Thread 0x00000271a3528ed0 Exception <a 'java/lang/NoSuchMethodError'{0x000000065e0ff010}: 'java.lang.Object java.lang.invoke.DirectMethodHandle$Holder.invokeStaticInit(java.lang.Object, int, int, int, int)'> (0x000000065e0ff010) 
thrown [s\src\hotspot\share\interpreter\linkResolver.cpp, line 759]
Event: 1.039 Thread 0x00000271a3528ed0 Exception <a 'java/lang/NoSuchMethodError'{0x000000065e1d75a8}: 'java.lang.Object java.lang.invoke.DirectMethodHandle$Holder.invokeStaticInit(java.lang.Object, java.lang.Object, int, int, int, int)'> (0x000000065e1d75a8) 
thrown [s\src\hotspot\share\interpreter\linkResolver.cpp, line 759]

VM Operations (20 events):
Event: 0.978 Executing VM operation: HandshakeAllThreads
Event: 0.978 Executing VM operation: HandshakeAllThreads done
Event: 1.048 Executing VM operation: HandshakeAllThreads
Event: 1.048 Executing VM operation: HandshakeAllThreads done
Event: 1.542 Executing VM operation: G1CollectForAllocation
Event: 1.559 Executing VM operation: G1CollectForAllocation done
Event: 2.560 Executing VM operation: Cleanup
Event: 2.560 Executing VM operation: Cleanup done
Event: 3.196 Executing VM operation: G1CollectForAllocation
Event: 3.201 Executing VM operation: G1CollectForAllocation done
Event: 4.215 Executing VM operation: Cleanup
Event: 4.215 Executing VM operation: Cleanup done
Event: 5.215 Executing VM operation: Cleanup
Event: 5.215 Executing VM operation: Cleanup done
Event: 6.226 Executing VM operation: Cleanup
Event: 6.227 Executing VM operation: Cleanup done
Event: 8.239 Executing VM operation: Cleanup
Event: 8.239 Executing VM operation: Cleanup done
Event: 10.259 Executing VM operation: Cleanup
Event: 10.259 Executing VM operation: Cleanup done

Events (20 events):
Event: 1.189 loading class sun/util/resources/cldr/TimeZoneNames_en_US done
Event: 1.190 loading class sun/util/resources/TimeZoneNames
Event: 1.191 loading class sun/util/resources/TimeZoneNames done
Event: 1.191 loading class sun/util/resources/TimeZoneNames_en
Event: 1.191 loading class sun/util/resources/TimeZoneNames_en done
Event: 1.224 Thread 0x00000271abc8e9c0 Thread exited: 0x00000271abc8e9c0
Event: 1.540 Thread 0x00000271a3631c90 Thread exited: 0x00000271a3631c90
Event: 5.793 Thread 0x00000271a34a82d0 Thread exited: 0x00000271a34a82d0
Event: 5.854 Thread 0x00000271a352a210 Thread exited: 0x00000271a352a210
Event: 10.655 loading class jdk/internal/misc/Signal$1
Event: 10.655 loading class jdk/internal/misc/Signal$1 done
Event: 10.655 Thread 0x00000271a352a210 Thread added: 0x00000271a352a210
Event: 10.655 Thread 0x00000271a3528060 Thread added: 0x00000271a3528060
Event: 10.655 Thread 0x00000271a352abb0 Thread added: 0x00000271a352abb0
Event: 10.655 Thread 0x00000271a3528530 Thread added: 0x00000271a3528530
Event: 10.656 Thread 0x00000271a3528530 Thread exited: 0x00000271a3528530
Event: 10.656 Thread 0x00000271a35293a0 Thread exited: 0x00000271a35293a0
Event: 10.656 loading class sun/font/SunFontManager$8$1
Event: 10.656 loading class sun/font/SunFontManager$8$1 done
Event: 10.658 Thread 0x00000271a352abb0 Thread exited: 0x00000271a352abb0


Dynamic libraries:
0x00007ff755e40000 - 0x00007ff755e4e000 	C:\Users\Nico\.jdks\temurin-17.0.4.1\bin\java.exe
0x00007ffa5b370000 - 0x00007ffa5b568000 	C:\WINDOWS\SYSTEM32\ntdll.dll
0x00007ffa31250000 - 0x00007ffa31267000 	C:\Program Files\AVAST Software\Avast\aswhook.dll
0x00007ffa59f60000 - 0x00007ffa5a01d000 	C:\WINDOWS\System32\KERNEL32.DLL
0x00007ffa58f80000 - 0x00007ffa5924e000 	C:\WINDOWS\System32\KERNELBASE.dll
0x00007ffa58c00000 - 0x00007ffa58d00000 	C:\WINDOWS\System32\ucrtbase.dll
0x00007ffa56290000 - 0x00007ffa562a8000 	C:\Users\Nico\.jdks\temurin-17.0.4.1\bin\jli.dll
0x00007ffa53c70000 - 0x00007ffa53c89000 	C:\Users\Nico\.jdks\temurin-17.0.4.1\bin\VCRUNTIME140.dll
0x00007ffa5a9b0000 - 0x00007ffa5ab50000 	C:\WINDOWS\System32\USER32.dll
0x00007ffa58a90000 - 0x00007ffa58ab2000 	C:\WINDOWS\System32\win32u.dll
0x00007ffa43810000 - 0x00007ffa43aaa000 	C:\WINDOWS\WinSxS\amd64_microsoft.windows.common-controls_6595b64144ccf1df_6.0.19041.1110_none_60b5254171f9507e\COMCTL32.dll
0x00007ffa5a770000 - 0x00007ffa5a79a000 	C:\WINDOWS\System32\GDI32.dll
0x00007ffa58af0000 - 0x00007ffa58bfb000 	C:\WINDOWS\System32\gdi32full.dll
0x00007ffa59ec0000 - 0x00007ffa59f5e000 	C:\WINDOWS\System32\msvcrt.dll
0x00007ffa592e0000 - 0x00007ffa5937d000 	C:\WINDOWS\System32\msvcp_win.dll
0x00007ffa598e0000 - 0x00007ffa59910000 	C:\WINDOWS\System32\IMM32.DLL
0x00007ffa53dc0000 - 0x00007ffa53dcc000 	C:\Users\Nico\.jdks\temurin-17.0.4.1\bin\vcruntime140_1.dll
0x00007ffa269d0000 - 0x00007ffa26a61000 	C:\Users\Nico\.jdks\temurin-17.0.4.1\bin\msvcp140.dll
0x00007ff9e9b10000 - 0x00007ff9ea756000 	C:\Users\Nico\.jdks\temurin-17.0.4.1\bin\server\jvm.dll
0x00007ffa5ae30000 - 0x00007ffa5aede000 	C:\WINDOWS\System32\ADVAPI32.dll
0x00007ffa5a890000 - 0x00007ffa5a92c000 	C:\WINDOWS\System32\sechost.dll
0x00007ffa5ab50000 - 0x00007ffa5ac75000 	C:\WINDOWS\System32\RPCRT4.dll
0x00007ffa59970000 - 0x00007ffa59978000 	C:\WINDOWS\System32\PSAPI.DLL
0x00007ffa47650000 - 0x00007ffa47677000 	C:\WINDOWS\SYSTEM32\WINMM.dll
0x00007ffa51f60000 - 0x00007ffa51f6a000 	C:\WINDOWS\SYSTEM32\VERSION.dll
0x00007ffa41c60000 - 0x00007ffa41c69000 	C:\WINDOWS\SYSTEM32\WSOCK32.dll
0x00007ffa59870000 - 0x00007ffa598db000 	C:\WINDOWS\System32\WS2_32.dll
0x00007ffa56960000 - 0x00007ffa56972000 	C:\WINDOWS\SYSTEM32\kernel.appcore.dll
0x00007ffa53d00000 - 0x00007ffa53d0a000 	C:\Users\Nico\.jdks\temurin-17.0.4.1\bin\jimage.dll
0x00007ffa4eae0000 - 0x00007ffa4ecc4000 	C:\WINDOWS\SYSTEM32\DBGHELP.DLL
0x00007ffa50630000 - 0x00007ffa5065c000 	C:\WINDOWS\SYSTEM32\dbgcore.DLL
0x00007ffa59250000 - 0x00007ffa592d2000 	C:\WINDOWS\System32\bcryptPrimitives.dll
0x00007ffa53c40000 - 0x00007ffa53c4e000 	C:\Users\Nico\.jdks\temurin-17.0.4.1\bin\instrument.dll
0x00007ffa4cf00000 - 0x00007ffa4cf25000 	C:\Users\Nico\.jdks\temurin-17.0.4.1\bin\java.dll
0x00007ffa24150000 - 0x00007ffa24226000 	C:\Users\Nico\.jdks\temurin-17.0.4.1\bin\jsvml.dll
0x00007ffa5a020000 - 0x00007ffa5a763000 	C:\WINDOWS\System32\SHELL32.dll
0x00007ffa56b60000 - 0x00007ffa572f5000 	C:\WINDOWS\SYSTEM32\windows.storage.dll
0x00007ffa5aee0000 - 0x00007ffa5b234000 	C:\WINDOWS\System32\combase.dll
0x00007ffa58400000 - 0x00007ffa58430000 	C:\WINDOWS\SYSTEM32\Wldp.dll
0x00007ffa593e0000 - 0x00007ffa5948d000 	C:\WINDOWS\System32\SHCORE.dll
0x00007ffa59910000 - 0x00007ffa59965000 	C:\WINDOWS\System32\shlwapi.dll
0x00007ffa589d0000 - 0x00007ffa589ef000 	C:\WINDOWS\SYSTEM32\profapi.dll
0x00007ffa4cd00000 - 0x00007ffa4cd18000 	C:\Users\Nico\.jdks\temurin-17.0.4.1\bin\zip.dll
0x00007ffa4d060000 - 0x00007ffa4d079000 	C:\Users\Nico\.jdks\temurin-17.0.4.1\bin\net.dll
0x00007ffa46fc0000 - 0x00007ffa470ca000 	C:\WINDOWS\SYSTEM32\WINHTTP.dll
0x00007ffa58180000 - 0x00007ffa581ea000 	C:\WINDOWS\system32\mswsock.dll
0x00007ffa4cee0000 - 0x00007ffa4cef5000 	C:\Users\Nico\.jdks\temurin-17.0.4.1\bin\nio.dll
0x00007ffa450d0000 - 0x00007ffa450ea000 	C:\Program Files\JetBrains\IntelliJ IDEA 2022.2.1\bin\breakgen64.dll
0x00007ffa22b80000 - 0x00007ffa22d0e000 	C:\Users\Nico\.jdks\temurin-17.0.4.1\bin\awt.dll
0x00007ffa595b0000 - 0x00007ffa5967d000 	C:\WINDOWS\System32\OLEAUT32.dll
0x00007ffa56380000 - 0x00007ffa56410000 	C:\WINDOWS\SYSTEM32\apphelp.dll
0x00007ffa56480000 - 0x00007ffa5651e000 	C:\WINDOWS\system32\uxtheme.dll
0x00007ffa0c0b0000 - 0x00007ffa0c291000 	C:\Program Files (x86)\Stardock\Fences\FencesMenu64.dll
0x00007ffa596e0000 - 0x00007ffa5980a000 	C:\WINDOWS\System32\ole32.dll
0x00007ffa58990000 - 0x00007ffa589be000 	C:\WINDOWS\SYSTEM32\USERENV.dll
0x00007ffa54770000 - 0x00007ffa54784000 	C:\WINDOWS\SYSTEM32\WTSAPI32.dll
0x00007ffa43ab0000 - 0x00007ffa43c55000 	C:\WINDOWS\WinSxS\amd64_microsoft.windows.gdiplus_6595b64144ccf1df_1.1.19041.2006_none_919e9136cc8d4791\gdiplus.dll
0x00007ffa59490000 - 0x00007ffa595a5000 	C:\WINDOWS\System32\MSCTF.dll
0x00007ffa56780000 - 0x00007ffa567af000 	C:\WINDOWS\system32\DWMAPI.DLL
0x00007ffa09bd0000 - 0x00007ffa09cf7000 	C:\WINDOWS\system32\opengl32.dll
0x00007ffa0da00000 - 0x00007ffa0da2c000 	C:\WINDOWS\SYSTEM32\GLU32.dll
0x00007ffa58680000 - 0x00007ffa58692000 	C:\WINDOWS\SYSTEM32\msasn1.dll
0x00007ffa51cd0000 - 0x00007ffa51d01000 	C:\WINDOWS\SYSTEM32\cryptnet.dll
0x00007ffa58e20000 - 0x00007ffa58f76000 	C:\WINDOWS\System32\CRYPT32.dll
0x00007ffa58320000 - 0x00007ffa5832c000 	C:\WINDOWS\SYSTEM32\cryptbase.dll
0x00007ffa58d00000 - 0x00007ffa58d69000 	C:\WINDOWS\System32\WINTRUST.DLL
0x00007ffa59ea0000 - 0x00007ffa59ebd000 	C:\WINDOWS\System32\imagehlp.dll
0x00007ffa58360000 - 0x00007ffa58378000 	C:\WINDOWS\SYSTEM32\CRYPTSP.dll
0x00007ffa57b20000 - 0x00007ffa57b54000 	C:\WINDOWS\system32\rsaenh.dll
0x00007ffa58ac0000 - 0x00007ffa58ae7000 	C:\WINDOWS\System32\bcrypt.dll
0x00007ff9fa670000 - 0x00007ff9fa92e000 	C:\WINDOWS\system32\nvspcap64.dll
0x00007ffa57750000 - 0x00007ffa57783000 	C:\WINDOWS\SYSTEM32\ntmarta.dll
0x00007ffa57310000 - 0x00007ffa57333000 	C:\WINDOWS\SYSTEM32\gpapi.dll
0x00007ffa4e710000 - 0x00007ffa4e74b000 	C:\WINDOWS\SYSTEM32\dxcore.dll
0x00007ffa59380000 - 0x00007ffa593ce000 	C:\WINDOWS\System32\cfgmgr32.dll
0x00007ffa22af0000 - 0x00007ffa22b76000 	C:\Users\Nico\.jdks\temurin-17.0.4.1\bin\freetype.dll
0x00007ffa1e0a0000 - 0x00007ffa1e148000 	C:\Users\Nico\.jdks\temurin-17.0.4.1\bin\fontmanager.dll
0x00007ffa53a30000 - 0x00007ffa53b29000 	C:\WINDOWS\SYSTEM32\textinputframework.dll
0x00007ffa55c70000 - 0x00007ffa55fce000 	C:\WINDOWS\System32\CoreUIComponents.dll
0x00007ffa55fd0000 - 0x00007ffa560c2000 	C:\WINDOWS\System32\CoreMessaging.dll
0x00007ffa55570000 - 0x00007ffa556c4000 	C:\WINDOWS\SYSTEM32\wintypes.dll
0x00007ff9f9a80000 - 0x00007ff9f9bb2000 	C:\Program Files (x86)\AquaSnap\AquaSnap.Hook.x64.dll
0x00007ffa45050000 - 0x00007ffa4507d000 	C:\Users\Nico\.jdks\temurin-17.0.4.1\bin\javajpeg.dll
0x00007ffa57e90000 - 0x00007ffa57ecb000 	C:\WINDOWS\SYSTEM32\IPHLPAPI.DLL
0x00007ffa593d0000 - 0x00007ffa593d8000 	C:\WINDOWS\System32\NSI.dll
0x00007ffa52330000 - 0x00007ffa52347000 	C:\WINDOWS\SYSTEM32\dhcpcsvc6.DLL
0x00007ffa52270000 - 0x00007ffa5228d000 	C:\WINDOWS\SYSTEM32\dhcpcsvc.DLL
0x00007ffa57ed0000 - 0x00007ffa57f9a000 	C:\WINDOWS\SYSTEM32\DNSAPI.dll

dbghelp: loaded successfully - version: 4.0.5 - missing functions: none
symbol engine: initialized successfully - sym options: 0x614 - pdb path: .;C:\Users\Nico\.jdks\temurin-17.0.4.1\bin;C:\WINDOWS\SYSTEM32;C:\Program Files\AVAST Software\Avast;C:\WINDOWS\WinSxS\amd64_microsoft.windows.common-controls_6595b64144ccf1df_6.0.19041.1110_none_60b5254171f9507e;C:\Users\Nico\.jdks\temurin-17.0.4.1\bin\server;C:\Program Files\JetBrains\IntelliJ IDEA 2022.2.1\bin;C:\Program Files (x86)\Stardock\Fences;C:\WINDOWS\WinSxS\amd64_microsoft.windows.gdiplus_6595b64144ccf1df_1.1.19041.2006_none_919e9136cc8d4791;C:\WINDOWS\System32\DriverStore\FileRepository\nvmdi.inf_amd64_7b0dc0eb3dabf562;C:\Program Files (x86)\AquaSnap

VM Arguments:
jvm_args: -javaagent:C:\Program Files\JetBrains\IntelliJ IDEA 2022.2.1\lib\idea_rt.jar=57715:C:\Program Files\JetBrains\IntelliJ IDEA 2022.2.1\bin -Dfile.encoding=UTF-8 
java_command: PixelParticles.Main
java_class_path (initial): D:\Privates\Kleine Projekte\2021-12-27_randomStuff\processing\pixelParticles_01\out\production\pixelParticles_01;D:\Privates\Kleine Projekte\2021-12-27_randomStuff\processing\pixelParticles_01\libs\processing-4.0.1\core\library\core.jar
Launcher Type: SUN_STANDARD

[Global flags]
     intx CICompilerCount                          = 4                                         {product} {ergonomic}
     uint ConcGCThreads                            = 2                                         {product} {ergonomic}
     uint G1ConcRefinementThreads                  = 8                                         {product} {ergonomic}
   size_t G1HeapRegionSize                         = 4194304                                   {product} {ergonomic}
    uintx GCDrainStackTargetSize                   = 64                                        {product} {ergonomic}
   size_t InitialHeapSize                          = 536870912                                 {product} {ergonomic}
   size_t MarkStackSize                            = 4194304                                   {product} {ergonomic}
   size_t MaxHeapSize                              = 8581545984                                {product} {ergonomic}
   size_t MaxNewSize                               = 5146411008                                {product} {ergonomic}
   size_t MinHeapDeltaBytes                        = 4194304                                   {product} {ergonomic}
   size_t MinHeapSize                              = 8388608                                   {product} {ergonomic}
    uintx NonNMethodCodeHeapSize                   = 5839372                                {pd product} {ergonomic}
    uintx NonProfiledCodeHeapSize                  = 122909434                              {pd product} {ergonomic}
    uintx ProfiledCodeHeapSize                     = 122909434                              {pd product} {ergonomic}
    uintx ReservedCodeCacheSize                    = 251658240                              {pd product} {ergonomic}
     bool SegmentedCodeCache                       = true                                      {product} {ergonomic}
   size_t SoftMaxHeapSize                          = 8581545984                             {manageable} {ergonomic}
     bool UseCompressedClassPointers               = true                           {product lp64_product} {ergonomic}
     bool UseCompressedOops                        = true                           {product lp64_product} {ergonomic}
     bool UseG1GC                                  = true                                      {product} {ergonomic}
     bool UseLargePagesIndividualAllocation        = false                                  {pd product} {ergonomic}

Logging:
Log output configuration:
 #0: stdout all=warning uptime,level,tags
 #1: stderr all=off uptime,level,tags

Environment Variables:
PATH=C:\Program Files (x86)\Common Files\Intel\Shared Libraries\redist\intel64_win\compiler;C:\Program Files (x86)\Common Files\Intel\Shared Libraries\redist\intel64\compiler;C:\Program Files (x86)\Intel\iCLS Client\;C:\Program Files\Intel\iCLS Client\;C:\Windows\system32;C:\Windows;C:\Windows\System32\Wbem;C:\Windows\System32\WindowsPowerShell\v1.0\;C:\Program Files (x86)\Intel\Intel(R) Management Engine Components\DAL;C:\Program Files\Intel\Intel(R) Management Engine Components\DAL;C:\Program Files (x86)\Intel\Intel(R) Management Engine Components\IPT;C:\Program Files\Intel\Intel(R) Management Engine Components\IPT;C:\Program Files (x86)\NVIDIA Corporation\PhysX\Common;C:\Program Files\Common Files\Autodesk Shared\;C:\Program Files (x86)\Skype\Phone\;C:\WINDOWS\system32;C:\WINDOWS;C:\WINDOWS\System32\Wbem;C:\WINDOWS\System32\WindowsPowerShell\v1.0\;C:\Program Files (x86)\AOMEI Backupper;C:\WINDOWS\System32\OpenSSH\;C:\Program Files\NVIDIA Corporation\NVIDIA NvDLISR;C:\WINDOWS\system32;C:\WINDOWS;C:\WINDOWS\System32\Wbem;C:\WINDOWS\System32\WindowsPowerShell\v1.0\;C:\WINDOWS\System32\OpenSSH\;C:\Program Files\Docker\Docker\resources\bin;C:\ProgramData\DockerDesktop\version-bin;C:\Program Files\Git\cmd;C:\Users\Nico\AppData\Local\Microsoft\WindowsApps;C:\Users\Nico\AppData\Local\atom\bin;C:\Users\Nico\AppData\Local\Microsoft\WindowsApps;C:\Users\Nico\AppData\Local\Programs\Microsoft VS Code\bin;C:\Program Files\JetBrains\IntelliJ IDEA 2022.2.1\bin;
USERNAME=Nico
OS=Windows_NT
PROCESSOR_IDENTIFIER=Intel64 Family 6 Model 158 Stepping 9, GenuineIntel
TMP=C:\Users\Nico\AppData\Local\Temp
TEMP=C:\Users\Nico\AppData\Local\Temp



---------------  S Y S T E M  ---------------

OS:
 Windows 10 , 64 bit Build 19041 (10.0.19041.1889)
OS uptime: 14 days 10:27 hours
Hyper-V role detected

CPU: total 8 (initial active 8) (4 cores per cpu, 2 threads per core) family 6 model 158 stepping 9 microcode 0xb4, cx8, cmov, fxsr, ht, mmx, 3dnowpref, sse, sse2, sse3, ssse3, sse4.1, sse4.2, popcnt, lzcnt, tsc, tscinvbit, avx, avx2, aes, erms, clmul, bmi1, bmi2, rtm, adx, fma, vzeroupper, clflush, clflushopt, hv

Memory: 4k page, system-wide physical 32735M (18470M free)
TotalPageFile size 37599M (AvailPageFile size 20083M)
current process WorkingSet (physical memory assigned to process): 695M, peak: 708M
current process commit charge ("private bytes"): 1740M, peak: 1763M

vm_info: OpenJDK 64-Bit Server VM (17.0.4.1+1) for windows-amd64 JRE (17.0.4.1+1), built on Aug 17 2022 07:42:43 by "temurin" with MS VC++ 16.7 (VS2019)

END.
